<?xml version="1.0" encoding="UTF-8"?>
<testsuite name="DictionaryTest" tests="8" skipped="0" failures="3" errors="0" timestamp="2016-05-09T19:45:30" hostname="epicodus-68.local" time="2.25">
  <properties/>
  <testcase name="addMultipleDefinitionsMultipleWords_addAndPost" classname="DictionaryTest" time="1.049">
    <failure message="org.openqa.selenium.NoSuchElementException: No element is displayed or enabled. Can't set a new value.&#10;For documentation on this error, please visit: http://seleniumhq.org/exceptions/no_such_element.html&#10;Build info: version: '2.44.0', revision: '76d78cf323ce037c5f92db6c1bba601c2ac43ad8', time: '2014-10-23 13:11:40'&#10;System info: host: 'epicodus-68.local', ip: '10.46.9.254', os.name: 'Mac OS X', os.arch: 'x86_64', os.version: '10.11.2', java.version: '1.8.0_66'&#10;Driver info: driver.version: unknown" type="org.openqa.selenium.NoSuchElementException">org.openqa.selenium.NoSuchElementException: No element is displayed or enabled. Can't set a new value.
For documentation on this error, please visit: http://seleniumhq.org/exceptions/no_such_element.html
Build info: version: '2.44.0', revision: '76d78cf323ce037c5f92db6c1bba601c2ac43ad8', time: '2014-10-23 13:11:40'
System info: host: 'epicodus-68.local', ip: '10.46.9.254', os.name: 'Mac OS X', os.arch: 'x86_64', os.version: '10.11.2', java.version: '1.8.0_66'
Driver info: driver.version: unknown
	at org.fluentlenium.core.domain.FluentList.text(FluentList.java:93)
	at org.fluentlenium.core.action.FillConstructor.with(FillConstructor.java:46)
	at DictionaryTest.addMultipleDefinitionsMultipleWords_addAndPost(DictionaryTest.java:134)
	at sun.reflect.NativeMethodAccessorImpl.invoke0(Native Method)
	at sun.reflect.NativeMethodAccessorImpl.invoke(NativeMethodAccessorImpl.java:62)
	at sun.reflect.DelegatingMethodAccessorImpl.invoke(DelegatingMethodAccessorImpl.java:43)
	at java.lang.reflect.Method.invoke(Method.java:497)
	at org.junit.runners.model.FrameworkMethod$1.runReflectiveCall(FrameworkMethod.java:50)
	at org.junit.internal.runners.model.ReflectiveCallable.run(ReflectiveCallable.java:12)
	at org.junit.runners.model.FrameworkMethod.invokeExplosively(FrameworkMethod.java:47)
	at org.junit.internal.runners.statements.InvokeMethod.evaluate(InvokeMethod.java:17)
	at org.junit.rules.TestWatcher$1.evaluate(TestWatcher.java:55)
	at org.junit.rules.TestWatcher$1.evaluate(TestWatcher.java:55)
	at org.junit.rules.RunRules.evaluate(RunRules.java:20)
	at org.junit.runners.ParentRunner.runLeaf(ParentRunner.java:325)
	at org.junit.runners.BlockJUnit4ClassRunner.runChild(BlockJUnit4ClassRunner.java:78)
	at org.junit.runners.BlockJUnit4ClassRunner.runChild(BlockJUnit4ClassRunner.java:57)
	at org.junit.runners.ParentRunner$3.run(ParentRunner.java:290)
	at org.junit.runners.ParentRunner$1.schedule(ParentRunner.java:71)
	at org.junit.runners.ParentRunner.runChildren(ParentRunner.java:288)
	at org.junit.runners.ParentRunner.access$000(ParentRunner.java:58)
	at org.junit.runners.ParentRunner$2.evaluate(ParentRunner.java:268)
	at org.junit.internal.runners.statements.RunAfters.evaluate(RunAfters.java:27)
	at org.junit.rules.ExternalResource$1.evaluate(ExternalResource.java:48)
	at org.junit.rules.RunRules.evaluate(RunRules.java:20)
	at org.junit.runners.ParentRunner.run(ParentRunner.java:363)
	at org.gradle.api.internal.tasks.testing.junit.JUnitTestClassExecuter.runTestClass(JUnitTestClassExecuter.java:105)
	at org.gradle.api.internal.tasks.testing.junit.JUnitTestClassExecuter.execute(JUnitTestClassExecuter.java:56)
	at org.gradle.api.internal.tasks.testing.junit.JUnitTestClassProcessor.processTestClass(JUnitTestClassProcessor.java:64)
	at org.gradle.api.internal.tasks.testing.SuiteTestClassProcessor.processTestClass(SuiteTestClassProcessor.java:50)
	at sun.reflect.NativeMethodAccessorImpl.invoke0(Native Method)
	at sun.reflect.NativeMethodAccessorImpl.invoke(NativeMethodAccessorImpl.java:62)
	at sun.reflect.DelegatingMethodAccessorImpl.invoke(DelegatingMethodAccessorImpl.java:43)
	at java.lang.reflect.Method.invoke(Method.java:497)
	at org.gradle.messaging.dispatch.ReflectionDispatch.dispatch(ReflectionDispatch.java:35)
	at org.gradle.messaging.dispatch.ReflectionDispatch.dispatch(ReflectionDispatch.java:24)
	at org.gradle.messaging.dispatch.ContextClassLoaderDispatch.dispatch(ContextClassLoaderDispatch.java:32)
	at org.gradle.messaging.dispatch.ProxyDispatchAdapter$DispatchingInvocationHandler.invoke(ProxyDispatchAdapter.java:93)
	at com.sun.proxy.$Proxy2.processTestClass(Unknown Source)
	at org.gradle.api.internal.tasks.testing.worker.TestWorker.processTestClass(TestWorker.java:106)
	at sun.reflect.NativeMethodAccessorImpl.invoke0(Native Method)
	at sun.reflect.NativeMethodAccessorImpl.invoke(NativeMethodAccessorImpl.java:62)
	at sun.reflect.DelegatingMethodAccessorImpl.invoke(DelegatingMethodAccessorImpl.java:43)
	at java.lang.reflect.Method.invoke(Method.java:497)
	at org.gradle.messaging.dispatch.ReflectionDispatch.dispatch(ReflectionDispatch.java:35)
	at org.gradle.messaging.dispatch.ReflectionDispatch.dispatch(ReflectionDispatch.java:24)
	at org.gradle.messaging.remote.internal.hub.MessageHub$Handler.run(MessageHub.java:360)
	at org.gradle.internal.concurrent.ExecutorPolicy$CatchAndRecordFailures.onExecute(ExecutorPolicy.java:54)
	at org.gradle.internal.concurrent.StoppableExecutorImpl$1.run(StoppableExecutorImpl.java:40)
	at java.util.concurrent.ThreadPoolExecutor.runWorker(ThreadPoolExecutor.java:1142)
	at java.util.concurrent.ThreadPoolExecutor$Worker.run(ThreadPoolExecutor.java:617)
	at java.lang.Thread.run(Thread.java:745)
</failure>
  </testcase>
  <testcase name="addOneDefinition_addAndPost" classname="DictionaryTest" time="0.279">
    <failure message="org.openqa.selenium.StaleElementReferenceException: Element appears to be stale. Did you navigate away from the page that contained it?  And is the current window focussed the same as the one holding this element?&#10;For documentation on this error, please visit: http://seleniumhq.org/exceptions/stale_element_reference.html&#10;Build info: version: '2.44.0', revision: '76d78cf323ce037c5f92db6c1bba601c2ac43ad8', time: '2014-10-23 13:11:40'&#10;System info: host: 'epicodus-68.local', ip: '10.46.9.254', os.name: 'Mac OS X', os.arch: 'x86_64', os.version: '10.11.2', java.version: '1.8.0_66'&#10;Driver info: driver.version: HtmlUnitDriver" type="org.openqa.selenium.StaleElementReferenceException">org.openqa.selenium.StaleElementReferenceException: Element appears to be stale. Did you navigate away from the page that contained it?  And is the current window focussed the same as the one holding this element?
For documentation on this error, please visit: http://seleniumhq.org/exceptions/stale_element_reference.html
Build info: version: '2.44.0', revision: '76d78cf323ce037c5f92db6c1bba601c2ac43ad8', time: '2014-10-23 13:11:40'
System info: host: 'epicodus-68.local', ip: '10.46.9.254', os.name: 'Mac OS X', os.arch: 'x86_64', os.version: '10.11.2', java.version: '1.8.0_66'
Driver info: driver.version: HtmlUnitDriver
	at org.openqa.selenium.htmlunit.HtmlUnitDriver.assertElementNotStale(HtmlUnitDriver.java:738)
	at org.openqa.selenium.htmlunit.HtmlUnitWebElement.assertElementNotStale(HtmlUnitWebElement.java:883)
	at org.openqa.selenium.htmlunit.HtmlUnitWebElement.isEnabled(HtmlUnitWebElement.java:490)
	at org.fluentlenium.core.domain.FluentWebElement.isEnabled(FluentWebElement.java:149)
	at org.fluentlenium.core.domain.FluentList.click(FluentList.java:61)
	at org.fluentlenium.core.Fluent.click(Fluent.java:442)
	at DictionaryTest.addOneDefinition_addAndPost(DictionaryTest.java:93)
	at sun.reflect.NativeMethodAccessorImpl.invoke0(Native Method)
	at sun.reflect.NativeMethodAccessorImpl.invoke(NativeMethodAccessorImpl.java:62)
	at sun.reflect.DelegatingMethodAccessorImpl.invoke(DelegatingMethodAccessorImpl.java:43)
	at java.lang.reflect.Method.invoke(Method.java:497)
	at org.junit.runners.model.FrameworkMethod$1.runReflectiveCall(FrameworkMethod.java:50)
	at org.junit.internal.runners.model.ReflectiveCallable.run(ReflectiveCallable.java:12)
	at org.junit.runners.model.FrameworkMethod.invokeExplosively(FrameworkMethod.java:47)
	at org.junit.internal.runners.statements.InvokeMethod.evaluate(InvokeMethod.java:17)
	at org.junit.rules.TestWatcher$1.evaluate(TestWatcher.java:55)
	at org.junit.rules.TestWatcher$1.evaluate(TestWatcher.java:55)
	at org.junit.rules.RunRules.evaluate(RunRules.java:20)
	at org.junit.runners.ParentRunner.runLeaf(ParentRunner.java:325)
	at org.junit.runners.BlockJUnit4ClassRunner.runChild(BlockJUnit4ClassRunner.java:78)
	at org.junit.runners.BlockJUnit4ClassRunner.runChild(BlockJUnit4ClassRunner.java:57)
	at org.junit.runners.ParentRunner$3.run(ParentRunner.java:290)
	at org.junit.runners.ParentRunner$1.schedule(ParentRunner.java:71)
	at org.junit.runners.ParentRunner.runChildren(ParentRunner.java:288)
	at org.junit.runners.ParentRunner.access$000(ParentRunner.java:58)
	at org.junit.runners.ParentRunner$2.evaluate(ParentRunner.java:268)
	at org.junit.internal.runners.statements.RunAfters.evaluate(RunAfters.java:27)
	at org.junit.rules.ExternalResource$1.evaluate(ExternalResource.java:48)
	at org.junit.rules.RunRules.evaluate(RunRules.java:20)
	at org.junit.runners.ParentRunner.run(ParentRunner.java:363)
	at org.gradle.api.internal.tasks.testing.junit.JUnitTestClassExecuter.runTestClass(JUnitTestClassExecuter.java:105)
	at org.gradle.api.internal.tasks.testing.junit.JUnitTestClassExecuter.execute(JUnitTestClassExecuter.java:56)
	at org.gradle.api.internal.tasks.testing.junit.JUnitTestClassProcessor.processTestClass(JUnitTestClassProcessor.java:64)
	at org.gradle.api.internal.tasks.testing.SuiteTestClassProcessor.processTestClass(SuiteTestClassProcessor.java:50)
	at sun.reflect.NativeMethodAccessorImpl.invoke0(Native Method)
	at sun.reflect.NativeMethodAccessorImpl.invoke(NativeMethodAccessorImpl.java:62)
	at sun.reflect.DelegatingMethodAccessorImpl.invoke(DelegatingMethodAccessorImpl.java:43)
	at java.lang.reflect.Method.invoke(Method.java:497)
	at org.gradle.messaging.dispatch.ReflectionDispatch.dispatch(ReflectionDispatch.java:35)
	at org.gradle.messaging.dispatch.ReflectionDispatch.dispatch(ReflectionDispatch.java:24)
	at org.gradle.messaging.dispatch.ContextClassLoaderDispatch.dispatch(ContextClassLoaderDispatch.java:32)
	at org.gradle.messaging.dispatch.ProxyDispatchAdapter$DispatchingInvocationHandler.invoke(ProxyDispatchAdapter.java:93)
	at com.sun.proxy.$Proxy2.processTestClass(Unknown Source)
	at org.gradle.api.internal.tasks.testing.worker.TestWorker.processTestClass(TestWorker.java:106)
	at sun.reflect.NativeMethodAccessorImpl.invoke0(Native Method)
	at sun.reflect.NativeMethodAccessorImpl.invoke(NativeMethodAccessorImpl.java:62)
	at sun.reflect.DelegatingMethodAccessorImpl.invoke(DelegatingMethodAccessorImpl.java:43)
	at java.lang.reflect.Method.invoke(Method.java:497)
	at org.gradle.messaging.dispatch.ReflectionDispatch.dispatch(ReflectionDispatch.java:35)
	at org.gradle.messaging.dispatch.ReflectionDispatch.dispatch(ReflectionDispatch.java:24)
	at org.gradle.messaging.remote.internal.hub.MessageHub$Handler.run(MessageHub.java:360)
	at org.gradle.internal.concurrent.ExecutorPolicy$CatchAndRecordFailures.onExecute(ExecutorPolicy.java:54)
	at org.gradle.internal.concurrent.StoppableExecutorImpl$1.run(StoppableExecutorImpl.java:40)
	at java.util.concurrent.ThreadPoolExecutor.runWorker(ThreadPoolExecutor.java:1142)
	at java.util.concurrent.ThreadPoolExecutor$Worker.run(ThreadPoolExecutor.java:617)
	at java.lang.Thread.run(Thread.java:745)
</failure>
  </testcase>
  <testcase name="addMultipleDefinitions_addAndPost" classname="DictionaryTest" time="0.239">
    <failure message="org.openqa.selenium.StaleElementReferenceException: Element appears to be stale. Did you navigate away from the page that contained it?  And is the current window focussed the same as the one holding this element?&#10;For documentation on this error, please visit: http://seleniumhq.org/exceptions/stale_element_reference.html&#10;Build info: version: '2.44.0', revision: '76d78cf323ce037c5f92db6c1bba601c2ac43ad8', time: '2014-10-23 13:11:40'&#10;System info: host: 'epicodus-68.local', ip: '10.46.9.254', os.name: 'Mac OS X', os.arch: 'x86_64', os.version: '10.11.2', java.version: '1.8.0_66'&#10;Driver info: driver.version: HtmlUnitDriver" type="org.openqa.selenium.StaleElementReferenceException">org.openqa.selenium.StaleElementReferenceException: Element appears to be stale. Did you navigate away from the page that contained it?  And is the current window focussed the same as the one holding this element?
For documentation on this error, please visit: http://seleniumhq.org/exceptions/stale_element_reference.html
Build info: version: '2.44.0', revision: '76d78cf323ce037c5f92db6c1bba601c2ac43ad8', time: '2014-10-23 13:11:40'
System info: host: 'epicodus-68.local', ip: '10.46.9.254', os.name: 'Mac OS X', os.arch: 'x86_64', os.version: '10.11.2', java.version: '1.8.0_66'
Driver info: driver.version: HtmlUnitDriver
	at org.openqa.selenium.htmlunit.HtmlUnitDriver.assertElementNotStale(HtmlUnitDriver.java:738)
	at org.openqa.selenium.htmlunit.HtmlUnitWebElement.assertElementNotStale(HtmlUnitWebElement.java:883)
	at org.openqa.selenium.htmlunit.HtmlUnitWebElement.isEnabled(HtmlUnitWebElement.java:490)
	at org.fluentlenium.core.domain.FluentWebElement.isEnabled(FluentWebElement.java:149)
	at org.fluentlenium.core.domain.FluentList.click(FluentList.java:61)
	at org.fluentlenium.core.Fluent.click(Fluent.java:442)
	at DictionaryTest.addMultipleDefinitions_addAndPost(DictionaryTest.java:111)
	at sun.reflect.NativeMethodAccessorImpl.invoke0(Native Method)
	at sun.reflect.NativeMethodAccessorImpl.invoke(NativeMethodAccessorImpl.java:62)
	at sun.reflect.DelegatingMethodAccessorImpl.invoke(DelegatingMethodAccessorImpl.java:43)
	at java.lang.reflect.Method.invoke(Method.java:497)
	at org.junit.runners.model.FrameworkMethod$1.runReflectiveCall(FrameworkMethod.java:50)
	at org.junit.internal.runners.model.ReflectiveCallable.run(ReflectiveCallable.java:12)
	at org.junit.runners.model.FrameworkMethod.invokeExplosively(FrameworkMethod.java:47)
	at org.junit.internal.runners.statements.InvokeMethod.evaluate(InvokeMethod.java:17)
	at org.junit.rules.TestWatcher$1.evaluate(TestWatcher.java:55)
	at org.junit.rules.TestWatcher$1.evaluate(TestWatcher.java:55)
	at org.junit.rules.RunRules.evaluate(RunRules.java:20)
	at org.junit.runners.ParentRunner.runLeaf(ParentRunner.java:325)
	at org.junit.runners.BlockJUnit4ClassRunner.runChild(BlockJUnit4ClassRunner.java:78)
	at org.junit.runners.BlockJUnit4ClassRunner.runChild(BlockJUnit4ClassRunner.java:57)
	at org.junit.runners.ParentRunner$3.run(ParentRunner.java:290)
	at org.junit.runners.ParentRunner$1.schedule(ParentRunner.java:71)
	at org.junit.runners.ParentRunner.runChildren(ParentRunner.java:288)
	at org.junit.runners.ParentRunner.access$000(ParentRunner.java:58)
	at org.junit.runners.ParentRunner$2.evaluate(ParentRunner.java:268)
	at org.junit.internal.runners.statements.RunAfters.evaluate(RunAfters.java:27)
	at org.junit.rules.ExternalResource$1.evaluate(ExternalResource.java:48)
	at org.junit.rules.RunRules.evaluate(RunRules.java:20)
	at org.junit.runners.ParentRunner.run(ParentRunner.java:363)
	at org.gradle.api.internal.tasks.testing.junit.JUnitTestClassExecuter.runTestClass(JUnitTestClassExecuter.java:105)
	at org.gradle.api.internal.tasks.testing.junit.JUnitTestClassExecuter.execute(JUnitTestClassExecuter.java:56)
	at org.gradle.api.internal.tasks.testing.junit.JUnitTestClassProcessor.processTestClass(JUnitTestClassProcessor.java:64)
	at org.gradle.api.internal.tasks.testing.SuiteTestClassProcessor.processTestClass(SuiteTestClassProcessor.java:50)
	at sun.reflect.NativeMethodAccessorImpl.invoke0(Native Method)
	at sun.reflect.NativeMethodAccessorImpl.invoke(NativeMethodAccessorImpl.java:62)
	at sun.reflect.DelegatingMethodAccessorImpl.invoke(DelegatingMethodAccessorImpl.java:43)
	at java.lang.reflect.Method.invoke(Method.java:497)
	at org.gradle.messaging.dispatch.ReflectionDispatch.dispatch(ReflectionDispatch.java:35)
	at org.gradle.messaging.dispatch.ReflectionDispatch.dispatch(ReflectionDispatch.java:24)
	at org.gradle.messaging.dispatch.ContextClassLoaderDispatch.dispatch(ContextClassLoaderDispatch.java:32)
	at org.gradle.messaging.dispatch.ProxyDispatchAdapter$DispatchingInvocationHandler.invoke(ProxyDispatchAdapter.java:93)
	at com.sun.proxy.$Proxy2.processTestClass(Unknown Source)
	at org.gradle.api.internal.tasks.testing.worker.TestWorker.processTestClass(TestWorker.java:106)
	at sun.reflect.NativeMethodAccessorImpl.invoke0(Native Method)
	at sun.reflect.NativeMethodAccessorImpl.invoke(NativeMethodAccessorImpl.java:62)
	at sun.reflect.DelegatingMethodAccessorImpl.invoke(DelegatingMethodAccessorImpl.java:43)
	at java.lang.reflect.Method.invoke(Method.java:497)
	at org.gradle.messaging.dispatch.ReflectionDispatch.dispatch(ReflectionDispatch.java:35)
	at org.gradle.messaging.dispatch.ReflectionDispatch.dispatch(ReflectionDispatch.java:24)
	at org.gradle.messaging.remote.internal.hub.MessageHub$Handler.run(MessageHub.java:360)
	at org.gradle.internal.concurrent.ExecutorPolicy$CatchAndRecordFailures.onExecute(ExecutorPolicy.java:54)
	at org.gradle.internal.concurrent.StoppableExecutorImpl$1.run(StoppableExecutorImpl.java:40)
	at java.util.concurrent.ThreadPoolExecutor.runWorker(ThreadPoolExecutor.java:1142)
	at java.util.concurrent.ThreadPoolExecutor$Worker.run(ThreadPoolExecutor.java:617)
	at java.lang.Thread.run(Thread.java:745)
</failure>
  </testcase>
  <testcase name="userName_get" classname="DictionaryTest" time="0.014"/>
  <testcase name="addWord_addAndPost" classname="DictionaryTest" time="0.188"/>
  <testcase name="addMultipleWords_addAndPost" classname="DictionaryTest" time="0.238"/>
  <testcase name="homePageTest_homePage" classname="DictionaryTest" time="0.006"/>
  <testcase name="userName_getAndPost" classname="DictionaryTest" time="0.21"/>
  <system-out><![CDATA[]]></system-out>
  <system-err><![CDATA[[Thread-4] INFO org.eclipse.jetty.util.log - Logging initialized @571ms
[Thread-4] INFO spark.webserver.JettySparkServer - == Spark has ignited ...
[Thread-4] INFO spark.webserver.JettySparkServer - >> Listening on 0.0.0.0:4567
[Thread-4] INFO org.eclipse.jetty.server.Server - jetty-9.3.2.v20150730
[Thread-4] INFO org.eclipse.jetty.server.ServerConnector - Started ServerConnector@4e097379{HTTP/1.1,[http/1.1]}{0.0.0.0:4567}
[Thread-4] INFO org.eclipse.jetty.server.Server - Started @685ms
May 09, 2016 12:45:31 PM com.gargoylesoftware.htmlunit.DefaultCssErrorHandler error
WARNING: CSS error: 'https://maxcdn.bootstrapcdn.com/bootstrap/3.3.6/css/bootstrap.min.css' [5:17610] Error in media list. (Invalid token "(". Was expecting one of: <S>, <IDENT>.)
May 09, 2016 12:45:31 PM com.gargoylesoftware.htmlunit.DefaultCssErrorHandler error
WARNING: CSS error: 'https://maxcdn.bootstrapcdn.com/bootstrap/3.3.6/css/bootstrap.min.css' [5:19377] Error in media list. (Invalid token "(". Was expecting one of: <S>, <IDENT>.)
May 09, 2016 12:45:31 PM com.gargoylesoftware.htmlunit.DefaultCssErrorHandler error
WARNING: CSS error: 'https://maxcdn.bootstrapcdn.com/bootstrap/3.3.6/css/bootstrap.min.css' [5:21622] Error in media list. (Invalid token "(". Was expecting one of: <S>, <IDENT>.)
May 09, 2016 12:45:31 PM com.gargoylesoftware.htmlunit.DefaultCssErrorHandler error
WARNING: CSS error: 'https://maxcdn.bootstrapcdn.com/bootstrap/3.3.6/css/bootstrap.min.css' [5:21671] Error in media list. (Invalid token "(". Was expecting one of: <S>, <IDENT>.)
May 09, 2016 12:45:31 PM com.gargoylesoftware.htmlunit.DefaultCssErrorHandler error
WARNING: CSS error: 'https://maxcdn.bootstrapcdn.com/bootstrap/3.3.6/css/bootstrap.min.css' [5:21720] Error in media list. (Invalid token "(". Was expecting one of: <S>, <IDENT>.)
May 09, 2016 12:45:31 PM com.gargoylesoftware.htmlunit.DefaultCssErrorHandler error
WARNING: CSS error: 'https://maxcdn.bootstrapcdn.com/bootstrap/3.3.6/css/bootstrap.min.css' [5:24204] Error in media list. (Invalid token "(". Was expecting one of: <S>, <IDENT>.)
May 09, 2016 12:45:31 PM com.gargoylesoftware.htmlunit.DefaultCssErrorHandler error
WARNING: CSS error: 'https://maxcdn.bootstrapcdn.com/bootstrap/3.3.6/css/bootstrap.min.css' [5:25970] Error in media list. (Invalid token "(". Was expecting one of: <S>, <IDENT>.)
May 09, 2016 12:45:31 PM com.gargoylesoftware.htmlunit.DefaultCssErrorHandler error
WARNING: CSS error: 'https://maxcdn.bootstrapcdn.com/bootstrap/3.3.6/css/bootstrap.min.css' [5:27736] Error in media list. (Invalid token "(". Was expecting one of: <S>, <IDENT>.)
May 09, 2016 12:45:31 PM com.gargoylesoftware.htmlunit.DefaultCssErrorHandler error
WARNING: CSS error: 'https://maxcdn.bootstrapcdn.com/bootstrap/3.3.6/css/bootstrap.min.css' [5:33862] Error in @media rule. (Invalid token "and". Was expecting one of: <S>, <LBRACE>, <COMMA>.)
May 09, 2016 12:45:31 PM com.gargoylesoftware.htmlunit.DefaultCssErrorHandler warning
WARNING: CSS warning: 'https://maxcdn.bootstrapcdn.com/bootstrap/3.3.6/css/bootstrap.min.css' [5:33862] Ignoring the whole rule.
May 09, 2016 12:45:31 PM com.gargoylesoftware.htmlunit.DefaultCssErrorHandler error
WARNING: CSS error: 'https://maxcdn.bootstrapcdn.com/bootstrap/3.3.6/css/bootstrap.min.css' [5:37348] Error in @media rule. (Invalid token "and". Was expecting one of: <S>, <LBRACE>, <COMMA>.)
May 09, 2016 12:45:31 PM com.gargoylesoftware.htmlunit.DefaultCssErrorHandler warning
WARNING: CSS warning: 'https://maxcdn.bootstrapcdn.com/bootstrap/3.3.6/css/bootstrap.min.css' [5:37348] Ignoring the whole rule.
May 09, 2016 12:45:31 PM com.gargoylesoftware.htmlunit.DefaultCssErrorHandler error
WARNING: CSS error: 'https://maxcdn.bootstrapcdn.com/bootstrap/3.3.6/css/bootstrap.min.css' [5:43596] Error in media list. (Invalid token "(". Was expecting one of: <S>, <IDENT>.)
May 09, 2016 12:45:31 PM com.gargoylesoftware.htmlunit.DefaultCssErrorHandler error
WARNING: CSS error: 'https://maxcdn.bootstrapcdn.com/bootstrap/3.3.6/css/bootstrap.min.css' [5:44816] Error in media list. (Invalid token "(". Was expecting one of: <S>, <IDENT>.)
May 09, 2016 12:45:31 PM com.gargoylesoftware.htmlunit.DefaultCssErrorHandler error
WARNING: CSS error: 'https://maxcdn.bootstrapcdn.com/bootstrap/3.3.6/css/bootstrap.min.css' [5:44988] Error in media list. (Invalid token "(". Was expecting one of: <S>, <IDENT>.)
May 09, 2016 12:45:31 PM com.gargoylesoftware.htmlunit.DefaultCssErrorHandler error
WARNING: CSS error: 'https://maxcdn.bootstrapcdn.com/bootstrap/3.3.6/css/bootstrap.min.css' [5:45093] Error in media list. (Invalid token "(". Was expecting one of: <S>, <IDENT>.)
May 09, 2016 12:45:31 PM com.gargoylesoftware.htmlunit.DefaultCssErrorHandler error
WARNING: CSS error: 'https://maxcdn.bootstrapcdn.com/bootstrap/3.3.6/css/bootstrap.min.css' [5:56358] Error in expression; ':' found after identifier "progid".
May 09, 2016 12:45:31 PM com.gargoylesoftware.htmlunit.DefaultCssErrorHandler error
WARNING: CSS error: 'https://maxcdn.bootstrapcdn.com/bootstrap/3.3.6/css/bootstrap.min.css' [5:57020] Error in media list. (Invalid token "(". Was expecting one of: <S>, <IDENT>.)
May 09, 2016 12:45:31 PM com.gargoylesoftware.htmlunit.DefaultCssErrorHandler error
WARNING: CSS error: 'https://maxcdn.bootstrapcdn.com/bootstrap/3.3.6/css/bootstrap.min.css' [5:65783] Error in media list. (Invalid token "(". Was expecting one of: <S>, <IDENT>.)
May 09, 2016 12:45:31 PM com.gargoylesoftware.htmlunit.DefaultCssErrorHandler error
WARNING: CSS error: 'https://maxcdn.bootstrapcdn.com/bootstrap/3.3.6/css/bootstrap.min.css' [5:66107] Error in media list. (Invalid token "(". Was expecting one of: <S>, <IDENT>.)
May 09, 2016 12:45:31 PM com.gargoylesoftware.htmlunit.DefaultCssErrorHandler error
WARNING: CSS error: 'https://maxcdn.bootstrapcdn.com/bootstrap/3.3.6/css/bootstrap.min.css' [5:66810] Error in media list. (Invalid token "(". Was expecting one of: <S>, <IDENT>.)
May 09, 2016 12:45:31 PM com.gargoylesoftware.htmlunit.DefaultCssErrorHandler error
WARNING: CSS error: 'https://maxcdn.bootstrapcdn.com/bootstrap/3.3.6/css/bootstrap.min.css' [5:67136] Error in media list. (Invalid token "(". Was expecting one of: <S>, <IDENT>.)
May 09, 2016 12:45:31 PM com.gargoylesoftware.htmlunit.DefaultCssErrorHandler error
WARNING: CSS error: 'https://maxcdn.bootstrapcdn.com/bootstrap/3.3.6/css/bootstrap.min.css' [5:67622] Error in media list. (Invalid token "(". Was expecting one of: <S>, <IDENT>.)
May 09, 2016 12:45:31 PM com.gargoylesoftware.htmlunit.DefaultCssErrorHandler error
WARNING: CSS error: 'https://maxcdn.bootstrapcdn.com/bootstrap/3.3.6/css/bootstrap.min.css' [5:67674] Error in media list. (Invalid token "(". Was expecting one of: <S>, <IDENT>.)
May 09, 2016 12:45:31 PM com.gargoylesoftware.htmlunit.DefaultCssErrorHandler error
WARNING: CSS error: 'https://maxcdn.bootstrapcdn.com/bootstrap/3.3.6/css/bootstrap.min.css' [5:68001] Error in media list. (Invalid token "(". Was expecting one of: <S>, <IDENT>.)
May 09, 2016 12:45:31 PM com.gargoylesoftware.htmlunit.DefaultCssErrorHandler error
WARNING: CSS error: 'https://maxcdn.bootstrapcdn.com/bootstrap/3.3.6/css/bootstrap.min.css' [5:68493] Error in media list. (Invalid token "(". Was expecting one of: <S>, <IDENT>.)
May 09, 2016 12:45:31 PM com.gargoylesoftware.htmlunit.DefaultCssErrorHandler error
WARNING: CSS error: 'https://maxcdn.bootstrapcdn.com/bootstrap/3.3.6/css/bootstrap.min.css' [5:68801] Error in media list. (Invalid token "(". Was expecting one of: <S>, <IDENT>.)
May 09, 2016 12:45:31 PM com.gargoylesoftware.htmlunit.DefaultCssErrorHandler error
WARNING: CSS error: 'https://maxcdn.bootstrapcdn.com/bootstrap/3.3.6/css/bootstrap.min.css' [5:69029] Error in media list. (Invalid token "(". Was expecting one of: <S>, <IDENT>.)
May 09, 2016 12:45:31 PM com.gargoylesoftware.htmlunit.DefaultCssErrorHandler error
WARNING: CSS error: 'https://maxcdn.bootstrapcdn.com/bootstrap/3.3.6/css/bootstrap.min.css' [5:69172] Error in media list. (Invalid token "(". Was expecting one of: <S>, <IDENT>.)
May 09, 2016 12:45:31 PM com.gargoylesoftware.htmlunit.DefaultCssErrorHandler error
WARNING: CSS error: 'https://maxcdn.bootstrapcdn.com/bootstrap/3.3.6/css/bootstrap.min.css' [5:69545] Error in media list. (Invalid token "(". Was expecting one of: <S>, <IDENT>.)
May 09, 2016 12:45:31 PM com.gargoylesoftware.htmlunit.DefaultCssErrorHandler error
WARNING: CSS error: 'https://maxcdn.bootstrapcdn.com/bootstrap/3.3.6/css/bootstrap.min.css' [5:70032] Error in media list. (Invalid token "(". Was expecting one of: <S>, <IDENT>.)
May 09, 2016 12:45:31 PM com.gargoylesoftware.htmlunit.DefaultCssErrorHandler error
WARNING: CSS error: 'https://maxcdn.bootstrapcdn.com/bootstrap/3.3.6/css/bootstrap.min.css' [5:70188] Error in media list. (Invalid token "(". Was expecting one of: <S>, <IDENT>.)
May 09, 2016 12:45:31 PM com.gargoylesoftware.htmlunit.DefaultCssErrorHandler error
WARNING: CSS error: 'https://maxcdn.bootstrapcdn.com/bootstrap/3.3.6/css/bootstrap.min.css' [5:70655] Error in media list. (Invalid token "(". Was expecting one of: <S>, <IDENT>.)
May 09, 2016 12:45:31 PM com.gargoylesoftware.htmlunit.DefaultCssErrorHandler error
WARNING: CSS error: 'https://maxcdn.bootstrapcdn.com/bootstrap/3.3.6/css/bootstrap.min.css' [5:71121] Error in media list. (Invalid token "(". Was expecting one of: <S>, <IDENT>.)
May 09, 2016 12:45:31 PM com.gargoylesoftware.htmlunit.DefaultCssErrorHandler error
WARNING: CSS error: 'https://maxcdn.bootstrapcdn.com/bootstrap/3.3.6/css/bootstrap.min.css' [5:72047] Error in media list. (Invalid token "(". Was expecting one of: <S>, <IDENT>.)
May 09, 2016 12:45:31 PM com.gargoylesoftware.htmlunit.DefaultCssErrorHandler error
WARNING: CSS error: 'https://maxcdn.bootstrapcdn.com/bootstrap/3.3.6/css/bootstrap.min.css' [5:72168] Error in media list. (Invalid token "(". Was expecting one of: <S>, <IDENT>.)
May 09, 2016 12:45:31 PM com.gargoylesoftware.htmlunit.DefaultCssErrorHandler error
WARNING: CSS error: 'https://maxcdn.bootstrapcdn.com/bootstrap/3.3.6/css/bootstrap.min.css' [5:72801] Error in media list. (Invalid token "(". Was expecting one of: <S>, <IDENT>.)
May 09, 2016 12:45:31 PM com.gargoylesoftware.htmlunit.DefaultCssErrorHandler error
WARNING: CSS error: 'https://maxcdn.bootstrapcdn.com/bootstrap/3.3.6/css/bootstrap.min.css' [5:72886] Error in media list. (Invalid token "(". Was expecting one of: <S>, <IDENT>.)
May 09, 2016 12:45:31 PM com.gargoylesoftware.htmlunit.DefaultCssErrorHandler error
WARNING: CSS error: 'https://maxcdn.bootstrapcdn.com/bootstrap/3.3.6/css/bootstrap.min.css' [5:74245] Error in media list. (Invalid token "(". Was expecting one of: <S>, <IDENT>.)
May 09, 2016 12:45:31 PM com.gargoylesoftware.htmlunit.DefaultCssErrorHandler error
WARNING: CSS error: 'https://maxcdn.bootstrapcdn.com/bootstrap/3.3.6/css/bootstrap.min.css' [5:76555] Error in media list. (Invalid token "(". Was expecting one of: <S>, <IDENT>.)
May 09, 2016 12:45:31 PM com.gargoylesoftware.htmlunit.DefaultCssErrorHandler error
WARNING: CSS error: 'https://maxcdn.bootstrapcdn.com/bootstrap/3.3.6/css/bootstrap.min.css' [5:82579] Error in @media rule. (Invalid token "and". Was expecting one of: <S>, <LBRACE>, <COMMA>.)
May 09, 2016 12:45:31 PM com.gargoylesoftware.htmlunit.DefaultCssErrorHandler warning
WARNING: CSS warning: 'https://maxcdn.bootstrapcdn.com/bootstrap/3.3.6/css/bootstrap.min.css' [5:82579] Ignoring the whole rule.
May 09, 2016 12:45:31 PM com.gargoylesoftware.htmlunit.DefaultCssErrorHandler error
WARNING: CSS error: 'https://maxcdn.bootstrapcdn.com/bootstrap/3.3.6/css/bootstrap.min.css' [5:107662] Error in media list. (Invalid token "(". Was expecting one of: <S>, <IDENT>.)
May 09, 2016 12:45:31 PM com.gargoylesoftware.htmlunit.DefaultCssErrorHandler error
WARNING: CSS error: 'https://maxcdn.bootstrapcdn.com/bootstrap/3.3.6/css/bootstrap.min.css' [5:107850] Error in media list. (Invalid token "(". Was expecting one of: <S>, <IDENT>.)
May 09, 2016 12:45:31 PM com.gargoylesoftware.htmlunit.DefaultCssErrorHandler error
WARNING: CSS error: 'https://maxcdn.bootstrapcdn.com/bootstrap/3.3.6/css/bootstrap.min.css' [5:112144] Error in @media rule. (Invalid token "and". Was expecting one of: <S>, <LBRACE>, <COMMA>.)
May 09, 2016 12:45:31 PM com.gargoylesoftware.htmlunit.DefaultCssErrorHandler warning
WARNING: CSS warning: 'https://maxcdn.bootstrapcdn.com/bootstrap/3.3.6/css/bootstrap.min.css' [5:112144] Ignoring the whole rule.
May 09, 2016 12:45:31 PM com.gargoylesoftware.htmlunit.DefaultCssErrorHandler error
WARNING: CSS error: 'https://maxcdn.bootstrapcdn.com/bootstrap/3.3.6/css/bootstrap.min.css' [5:113907] Error in expression; ':' found after identifier "progid".
May 09, 2016 12:45:31 PM com.gargoylesoftware.htmlunit.DefaultCssErrorHandler error
WARNING: CSS error: 'https://maxcdn.bootstrapcdn.com/bootstrap/3.3.6/css/bootstrap.min.css' [5:114450] Error in expression; ':' found after identifier "progid".
May 09, 2016 12:45:31 PM com.gargoylesoftware.htmlunit.DefaultCssErrorHandler error
WARNING: CSS error: 'https://maxcdn.bootstrapcdn.com/bootstrap/3.3.6/css/bootstrap.min.css' [5:115618] Invalid color "#000\9".
May 09, 2016 12:45:31 PM com.gargoylesoftware.htmlunit.DefaultCssErrorHandler error
WARNING: CSS error: 'https://maxcdn.bootstrapcdn.com/bootstrap/3.3.6/css/bootstrap.min.css' [5:116015] Error in @media rule. (Invalid token "and". Was expecting one of: <S>, <LBRACE>, <COMMA>.)
May 09, 2016 12:45:31 PM com.gargoylesoftware.htmlunit.DefaultCssErrorHandler warning
WARNING: CSS warning: 'https://maxcdn.bootstrapcdn.com/bootstrap/3.3.6/css/bootstrap.min.css' [5:116015] Ignoring the whole rule.
May 09, 2016 12:45:31 PM com.gargoylesoftware.htmlunit.DefaultCssErrorHandler error
WARNING: CSS error: 'https://maxcdn.bootstrapcdn.com/bootstrap/3.3.6/css/bootstrap.min.css' [5:118272] Error in media list. (Invalid token "(". Was expecting one of: <S>, <IDENT>.)
May 09, 2016 12:45:31 PM com.gargoylesoftware.htmlunit.DefaultCssErrorHandler error
WARNING: CSS error: 'https://maxcdn.bootstrapcdn.com/bootstrap/3.3.6/css/bootstrap.min.css' [5:118474] Error in media list. (Invalid token "(". Was expecting one of: <S>, <IDENT>.)
May 09, 2016 12:45:31 PM com.gargoylesoftware.htmlunit.DefaultCssErrorHandler error
WARNING: CSS error: 'https://maxcdn.bootstrapcdn.com/bootstrap/3.3.6/css/bootstrap.min.css' [5:118542] Error in media list. (Invalid token "(". Was expecting one of: <S>, <IDENT>.)
May 09, 2016 12:45:31 PM com.gargoylesoftware.htmlunit.DefaultCssErrorHandler error
WARNING: CSS error: 'https://maxcdn.bootstrapcdn.com/bootstrap/3.3.6/css/bootstrap.min.css' [5:118612] Error in media list. (Invalid token "(". Was expecting one of: <S>, <IDENT>.)
May 09, 2016 12:45:31 PM com.gargoylesoftware.htmlunit.DefaultCssErrorHandler error
WARNING: CSS error: 'https://maxcdn.bootstrapcdn.com/bootstrap/3.3.6/css/bootstrap.min.css' [5:118694] Error in media list. (Invalid token "(". Was expecting one of: <S>, <IDENT>.)
May 09, 2016 12:45:31 PM com.gargoylesoftware.htmlunit.DefaultCssErrorHandler error
WARNING: CSS error: 'https://maxcdn.bootstrapcdn.com/bootstrap/3.3.6/css/bootstrap.min.css' [5:118918] Error in media list. (Invalid token "(". Was expecting one of: <S>, <IDENT>.)
May 09, 2016 12:45:31 PM com.gargoylesoftware.htmlunit.DefaultCssErrorHandler error
WARNING: CSS error: 'https://maxcdn.bootstrapcdn.com/bootstrap/3.3.6/css/bootstrap.min.css' [5:119008] Error in media list. (Invalid token "(". Was expecting one of: <S>, <IDENT>.)
May 09, 2016 12:45:31 PM com.gargoylesoftware.htmlunit.DefaultCssErrorHandler error
WARNING: CSS error: 'https://maxcdn.bootstrapcdn.com/bootstrap/3.3.6/css/bootstrap.min.css' [5:119100] Error in media list. (Invalid token "(". Was expecting one of: <S>, <IDENT>.)
May 09, 2016 12:45:31 PM com.gargoylesoftware.htmlunit.DefaultCssErrorHandler error
WARNING: CSS error: 'https://maxcdn.bootstrapcdn.com/bootstrap/3.3.6/css/bootstrap.min.css' [5:119204] Error in media list. (Invalid token "(". Was expecting one of: <S>, <IDENT>.)
May 09, 2016 12:45:31 PM com.gargoylesoftware.htmlunit.DefaultCssErrorHandler error
WARNING: CSS error: 'https://maxcdn.bootstrapcdn.com/bootstrap/3.3.6/css/bootstrap.min.css' [5:119429] Error in media list. (Invalid token "(". Was expecting one of: <S>, <IDENT>.)
May 09, 2016 12:45:31 PM com.gargoylesoftware.htmlunit.DefaultCssErrorHandler error
WARNING: CSS error: 'https://maxcdn.bootstrapcdn.com/bootstrap/3.3.6/css/bootstrap.min.css' [5:119520] Error in media list. (Invalid token "(". Was expecting one of: <S>, <IDENT>.)
May 09, 2016 12:45:31 PM com.gargoylesoftware.htmlunit.DefaultCssErrorHandler error
WARNING: CSS error: 'https://maxcdn.bootstrapcdn.com/bootstrap/3.3.6/css/bootstrap.min.css' [5:119613] Error in media list. (Invalid token "(". Was expecting one of: <S>, <IDENT>.)
May 09, 2016 12:45:31 PM com.gargoylesoftware.htmlunit.DefaultCssErrorHandler error
WARNING: CSS error: 'https://maxcdn.bootstrapcdn.com/bootstrap/3.3.6/css/bootstrap.min.css' [5:119718] Error in media list. (Invalid token "(". Was expecting one of: <S>, <IDENT>.)
May 09, 2016 12:45:31 PM com.gargoylesoftware.htmlunit.DefaultCssErrorHandler error
WARNING: CSS error: 'https://maxcdn.bootstrapcdn.com/bootstrap/3.3.6/css/bootstrap.min.css' [5:119921] Error in media list. (Invalid token "(". Was expecting one of: <S>, <IDENT>.)
May 09, 2016 12:45:31 PM com.gargoylesoftware.htmlunit.DefaultCssErrorHandler error
WARNING: CSS error: 'https://maxcdn.bootstrapcdn.com/bootstrap/3.3.6/css/bootstrap.min.css' [5:119990] Error in media list. (Invalid token "(". Was expecting one of: <S>, <IDENT>.)
May 09, 2016 12:45:31 PM com.gargoylesoftware.htmlunit.DefaultCssErrorHandler error
WARNING: CSS error: 'https://maxcdn.bootstrapcdn.com/bootstrap/3.3.6/css/bootstrap.min.css' [5:120061] Error in media list. (Invalid token "(". Was expecting one of: <S>, <IDENT>.)
May 09, 2016 12:45:31 PM com.gargoylesoftware.htmlunit.DefaultCssErrorHandler error
WARNING: CSS error: 'https://maxcdn.bootstrapcdn.com/bootstrap/3.3.6/css/bootstrap.min.css' [5:120144] Error in media list. (Invalid token "(". Was expecting one of: <S>, <IDENT>.)
May 09, 2016 12:45:31 PM com.gargoylesoftware.htmlunit.DefaultCssErrorHandler error
WARNING: CSS error: 'https://maxcdn.bootstrapcdn.com/bootstrap/3.3.6/css/bootstrap.min.css' [5:120204] Error in media list. (Invalid token "(". Was expecting one of: <S>, <IDENT>.)
May 09, 2016 12:45:31 PM com.gargoylesoftware.htmlunit.DefaultCssErrorHandler error
WARNING: CSS error: 'https://maxcdn.bootstrapcdn.com/bootstrap/3.3.6/css/bootstrap.min.css' [5:120286] Error in media list. (Invalid token "(". Was expecting one of: <S>, <IDENT>.)
May 09, 2016 12:45:31 PM com.gargoylesoftware.htmlunit.DefaultCssErrorHandler error
WARNING: CSS error: 'https://maxcdn.bootstrapcdn.com/bootstrap/3.3.6/css/bootstrap.min.css' [5:120369] Error in media list. (Invalid token "(". Was expecting one of: <S>, <IDENT>.)
May 09, 2016 12:45:31 PM com.gargoylesoftware.htmlunit.DefaultCssErrorHandler error
WARNING: CSS error: 'https://maxcdn.bootstrapcdn.com/bootstrap/3.3.6/css/bootstrap-theme.min.css' [5:1595] Error in expression; ':' found after identifier "progid".
May 09, 2016 12:45:31 PM com.gargoylesoftware.htmlunit.DefaultCssErrorHandler error
WARNING: CSS error: 'https://maxcdn.bootstrapcdn.com/bootstrap/3.3.6/css/bootstrap-theme.min.css' [5:1713] Error in expression; ':' found after identifier "progid".
May 09, 2016 12:45:31 PM com.gargoylesoftware.htmlunit.DefaultCssErrorHandler error
WARNING: CSS error: 'https://maxcdn.bootstrapcdn.com/bootstrap/3.3.6/css/bootstrap-theme.min.css' [5:2928] Error in expression; ':' found after identifier "progid".
May 09, 2016 12:45:31 PM com.gargoylesoftware.htmlunit.DefaultCssErrorHandler error
WARNING: CSS error: 'https://maxcdn.bootstrapcdn.com/bootstrap/3.3.6/css/bootstrap-theme.min.css' [5:3046] Error in expression; ':' found after identifier "progid".
May 09, 2016 12:45:31 PM com.gargoylesoftware.htmlunit.DefaultCssErrorHandler error
WARNING: CSS error: 'https://maxcdn.bootstrapcdn.com/bootstrap/3.3.6/css/bootstrap-theme.min.css' [5:4243] Error in expression; ':' found after identifier "progid".
May 09, 2016 12:45:31 PM com.gargoylesoftware.htmlunit.DefaultCssErrorHandler error
WARNING: CSS error: 'https://maxcdn.bootstrapcdn.com/bootstrap/3.3.6/css/bootstrap-theme.min.css' [5:4361] Error in expression; ':' found after identifier "progid".
May 09, 2016 12:45:31 PM com.gargoylesoftware.htmlunit.DefaultCssErrorHandler error
WARNING: CSS error: 'https://maxcdn.bootstrapcdn.com/bootstrap/3.3.6/css/bootstrap-theme.min.css' [5:5555] Error in expression; ':' found after identifier "progid".
May 09, 2016 12:45:31 PM com.gargoylesoftware.htmlunit.DefaultCssErrorHandler error
WARNING: CSS error: 'https://maxcdn.bootstrapcdn.com/bootstrap/3.3.6/css/bootstrap-theme.min.css' [5:5673] Error in expression; ':' found after identifier "progid".
May 09, 2016 12:45:31 PM com.gargoylesoftware.htmlunit.DefaultCssErrorHandler error
WARNING: CSS error: 'https://maxcdn.bootstrapcdn.com/bootstrap/3.3.6/css/bootstrap-theme.min.css' [5:6804] Error in expression; ':' found after identifier "progid".
May 09, 2016 12:45:31 PM com.gargoylesoftware.htmlunit.DefaultCssErrorHandler error
WARNING: CSS error: 'https://maxcdn.bootstrapcdn.com/bootstrap/3.3.6/css/bootstrap-theme.min.css' [5:6922] Error in expression; ':' found after identifier "progid".
May 09, 2016 12:45:31 PM com.gargoylesoftware.htmlunit.DefaultCssErrorHandler error
WARNING: CSS error: 'https://maxcdn.bootstrapcdn.com/bootstrap/3.3.6/css/bootstrap-theme.min.css' [5:8118] Error in expression; ':' found after identifier "progid".
May 09, 2016 12:45:31 PM com.gargoylesoftware.htmlunit.DefaultCssErrorHandler error
WARNING: CSS error: 'https://maxcdn.bootstrapcdn.com/bootstrap/3.3.6/css/bootstrap-theme.min.css' [5:8236] Error in expression; ':' found after identifier "progid".
May 09, 2016 12:45:31 PM com.gargoylesoftware.htmlunit.DefaultCssErrorHandler error
WARNING: CSS error: 'https://maxcdn.bootstrapcdn.com/bootstrap/3.3.6/css/bootstrap-theme.min.css' [5:9585] Error in expression; ':' found after identifier "progid".
May 09, 2016 12:45:31 PM com.gargoylesoftware.htmlunit.DefaultCssErrorHandler error
WARNING: CSS error: 'https://maxcdn.bootstrapcdn.com/bootstrap/3.3.6/css/bootstrap-theme.min.css' [5:10131] Error in expression; ':' found after identifier "progid".
May 09, 2016 12:45:31 PM com.gargoylesoftware.htmlunit.DefaultCssErrorHandler error
WARNING: CSS error: 'https://maxcdn.bootstrapcdn.com/bootstrap/3.3.6/css/bootstrap-theme.min.css' [5:10569] Error in expression; ':' found after identifier "progid".
May 09, 2016 12:45:31 PM com.gargoylesoftware.htmlunit.DefaultCssErrorHandler error
WARNING: CSS error: 'https://maxcdn.bootstrapcdn.com/bootstrap/3.3.6/css/bootstrap-theme.min.css' [5:10687] Error in expression; ':' found after identifier "progid".
May 09, 2016 12:45:31 PM com.gargoylesoftware.htmlunit.DefaultCssErrorHandler error
WARNING: CSS error: 'https://maxcdn.bootstrapcdn.com/bootstrap/3.3.6/css/bootstrap-theme.min.css' [5:11316] Error in expression; ':' found after identifier "progid".
May 09, 2016 12:45:31 PM com.gargoylesoftware.htmlunit.DefaultCssErrorHandler error
WARNING: CSS error: 'https://maxcdn.bootstrapcdn.com/bootstrap/3.3.6/css/bootstrap-theme.min.css' [5:11923] Error in expression; ':' found after identifier "progid".
May 09, 2016 12:45:31 PM com.gargoylesoftware.htmlunit.DefaultCssErrorHandler error
WARNING: CSS error: 'https://maxcdn.bootstrapcdn.com/bootstrap/3.3.6/css/bootstrap-theme.min.css' [5:12041] Error in expression; ':' found after identifier "progid".
May 09, 2016 12:45:31 PM com.gargoylesoftware.htmlunit.DefaultCssErrorHandler error
WARNING: CSS error: 'https://maxcdn.bootstrapcdn.com/bootstrap/3.3.6/css/bootstrap-theme.min.css' [5:12514] Error in expression; ':' found after identifier "progid".
May 09, 2016 12:45:31 PM com.gargoylesoftware.htmlunit.DefaultCssErrorHandler error
WARNING: CSS error: 'https://maxcdn.bootstrapcdn.com/bootstrap/3.3.6/css/bootstrap-theme.min.css' [5:12921] Error in media list. (Invalid token "(". Was expecting one of: <S>, <IDENT>.)
May 09, 2016 12:45:31 PM com.gargoylesoftware.htmlunit.DefaultCssErrorHandler error
WARNING: CSS error: 'https://maxcdn.bootstrapcdn.com/bootstrap/3.3.6/css/bootstrap-theme.min.css' [5:14069] Error in expression; ':' found after identifier "progid".
May 09, 2016 12:45:31 PM com.gargoylesoftware.htmlunit.DefaultCssErrorHandler error
WARNING: CSS error: 'https://maxcdn.bootstrapcdn.com/bootstrap/3.3.6/css/bootstrap-theme.min.css' [5:14536] Error in expression; ':' found after identifier "progid".
May 09, 2016 12:45:31 PM com.gargoylesoftware.htmlunit.DefaultCssErrorHandler error
WARNING: CSS error: 'https://maxcdn.bootstrapcdn.com/bootstrap/3.3.6/css/bootstrap-theme.min.css' [5:15006] Error in expression; ':' found after identifier "progid".
May 09, 2016 12:45:31 PM com.gargoylesoftware.htmlunit.DefaultCssErrorHandler error
WARNING: CSS error: 'https://maxcdn.bootstrapcdn.com/bootstrap/3.3.6/css/bootstrap-theme.min.css' [5:15475] Error in expression; ':' found after identifier "progid".
May 09, 2016 12:45:31 PM com.gargoylesoftware.htmlunit.DefaultCssErrorHandler error
WARNING: CSS error: 'https://maxcdn.bootstrapcdn.com/bootstrap/3.3.6/css/bootstrap-theme.min.css' [5:15940] Error in expression; ':' found after identifier "progid".
May 09, 2016 12:45:31 PM com.gargoylesoftware.htmlunit.DefaultCssErrorHandler error
WARNING: CSS error: 'https://maxcdn.bootstrapcdn.com/bootstrap/3.3.6/css/bootstrap-theme.min.css' [5:16388] Error in expression; ':' found after identifier "progid".
May 09, 2016 12:45:31 PM com.gargoylesoftware.htmlunit.DefaultCssErrorHandler error
WARNING: CSS error: 'https://maxcdn.bootstrapcdn.com/bootstrap/3.3.6/css/bootstrap-theme.min.css' [5:16844] Error in expression; ':' found after identifier "progid".
May 09, 2016 12:45:31 PM com.gargoylesoftware.htmlunit.DefaultCssErrorHandler error
WARNING: CSS error: 'https://maxcdn.bootstrapcdn.com/bootstrap/3.3.6/css/bootstrap-theme.min.css' [5:17297] Error in expression; ':' found after identifier "progid".
May 09, 2016 12:45:31 PM com.gargoylesoftware.htmlunit.DefaultCssErrorHandler error
WARNING: CSS error: 'https://maxcdn.bootstrapcdn.com/bootstrap/3.3.6/css/bootstrap-theme.min.css' [5:17753] Error in expression; ':' found after identifier "progid".
May 09, 2016 12:45:31 PM com.gargoylesoftware.htmlunit.DefaultCssErrorHandler error
WARNING: CSS error: 'https://maxcdn.bootstrapcdn.com/bootstrap/3.3.6/css/bootstrap-theme.min.css' [5:18208] Error in expression; ':' found after identifier "progid".
May 09, 2016 12:45:31 PM com.gargoylesoftware.htmlunit.DefaultCssErrorHandler error
WARNING: CSS error: 'https://maxcdn.bootstrapcdn.com/bootstrap/3.3.6/css/bootstrap-theme.min.css' [5:19436] Error in expression; ':' found after identifier "progid".
May 09, 2016 12:45:31 PM com.gargoylesoftware.htmlunit.DefaultCssErrorHandler error
WARNING: CSS error: 'https://maxcdn.bootstrapcdn.com/bootstrap/3.3.6/css/bootstrap-theme.min.css' [5:20132] Error in expression; ':' found after identifier "progid".
May 09, 2016 12:45:31 PM com.gargoylesoftware.htmlunit.DefaultCssErrorHandler error
WARNING: CSS error: 'https://maxcdn.bootstrapcdn.com/bootstrap/3.3.6/css/bootstrap-theme.min.css' [5:20596] Error in expression; ':' found after identifier "progid".
May 09, 2016 12:45:31 PM com.gargoylesoftware.htmlunit.DefaultCssErrorHandler error
WARNING: CSS error: 'https://maxcdn.bootstrapcdn.com/bootstrap/3.3.6/css/bootstrap-theme.min.css' [5:21060] Error in expression; ':' found after identifier "progid".
May 09, 2016 12:45:31 PM com.gargoylesoftware.htmlunit.DefaultCssErrorHandler error
WARNING: CSS error: 'https://maxcdn.bootstrapcdn.com/bootstrap/3.3.6/css/bootstrap-theme.min.css' [5:21521] Error in expression; ':' found after identifier "progid".
May 09, 2016 12:45:31 PM com.gargoylesoftware.htmlunit.DefaultCssErrorHandler error
WARNING: CSS error: 'https://maxcdn.bootstrapcdn.com/bootstrap/3.3.6/css/bootstrap-theme.min.css' [5:21985] Error in expression; ':' found after identifier "progid".
May 09, 2016 12:45:31 PM com.gargoylesoftware.htmlunit.DefaultCssErrorHandler error
WARNING: CSS error: 'https://maxcdn.bootstrapcdn.com/bootstrap/3.3.6/css/bootstrap-theme.min.css' [5:22448] Error in expression; ':' found after identifier "progid".
May 09, 2016 12:45:31 PM com.gargoylesoftware.htmlunit.DefaultCssErrorHandler error
WARNING: CSS error: 'https://maxcdn.bootstrapcdn.com/bootstrap/3.3.6/css/bootstrap-theme.min.css' [5:22888] Error in expression; ':' found after identifier "progid".
May 09, 2016 12:45:31 PM com.gargoylesoftware.htmlunit.DefaultCssErrorHandler error
WARNING: CSS error: 'https://maxcdn.bootstrapcdn.com/bootstrap/3.3.6/css/bootstrap.min.css' [5:17610] Error in media list. (Invalid token "(". Was expecting one of: <S>, <IDENT>.)
May 09, 2016 12:45:31 PM com.gargoylesoftware.htmlunit.DefaultCssErrorHandler error
WARNING: CSS error: 'https://maxcdn.bootstrapcdn.com/bootstrap/3.3.6/css/bootstrap.min.css' [5:19377] Error in media list. (Invalid token "(". Was expecting one of: <S>, <IDENT>.)
May 09, 2016 12:45:31 PM com.gargoylesoftware.htmlunit.DefaultCssErrorHandler error
WARNING: CSS error: 'https://maxcdn.bootstrapcdn.com/bootstrap/3.3.6/css/bootstrap.min.css' [5:21622] Error in media list. (Invalid token "(". Was expecting one of: <S>, <IDENT>.)
May 09, 2016 12:45:31 PM com.gargoylesoftware.htmlunit.DefaultCssErrorHandler error
WARNING: CSS error: 'https://maxcdn.bootstrapcdn.com/bootstrap/3.3.6/css/bootstrap.min.css' [5:21671] Error in media list. (Invalid token "(". Was expecting one of: <S>, <IDENT>.)
May 09, 2016 12:45:31 PM com.gargoylesoftware.htmlunit.DefaultCssErrorHandler error
WARNING: CSS error: 'https://maxcdn.bootstrapcdn.com/bootstrap/3.3.6/css/bootstrap.min.css' [5:21720] Error in media list. (Invalid token "(". Was expecting one of: <S>, <IDENT>.)
May 09, 2016 12:45:31 PM com.gargoylesoftware.htmlunit.DefaultCssErrorHandler error
WARNING: CSS error: 'https://maxcdn.bootstrapcdn.com/bootstrap/3.3.6/css/bootstrap.min.css' [5:24204] Error in media list. (Invalid token "(". Was expecting one of: <S>, <IDENT>.)
May 09, 2016 12:45:31 PM com.gargoylesoftware.htmlunit.DefaultCssErrorHandler error
WARNING: CSS error: 'https://maxcdn.bootstrapcdn.com/bootstrap/3.3.6/css/bootstrap.min.css' [5:25970] Error in media list. (Invalid token "(". Was expecting one of: <S>, <IDENT>.)
May 09, 2016 12:45:31 PM com.gargoylesoftware.htmlunit.DefaultCssErrorHandler error
WARNING: CSS error: 'https://maxcdn.bootstrapcdn.com/bootstrap/3.3.6/css/bootstrap.min.css' [5:27736] Error in media list. (Invalid token "(". Was expecting one of: <S>, <IDENT>.)
May 09, 2016 12:45:31 PM com.gargoylesoftware.htmlunit.DefaultCssErrorHandler error
WARNING: CSS error: 'https://maxcdn.bootstrapcdn.com/bootstrap/3.3.6/css/bootstrap.min.css' [5:33862] Error in @media rule. (Invalid token "and". Was expecting one of: <S>, <LBRACE>, <COMMA>.)
May 09, 2016 12:45:31 PM com.gargoylesoftware.htmlunit.DefaultCssErrorHandler warning
WARNING: CSS warning: 'https://maxcdn.bootstrapcdn.com/bootstrap/3.3.6/css/bootstrap.min.css' [5:33862] Ignoring the whole rule.
May 09, 2016 12:45:31 PM com.gargoylesoftware.htmlunit.DefaultCssErrorHandler error
WARNING: CSS error: 'https://maxcdn.bootstrapcdn.com/bootstrap/3.3.6/css/bootstrap.min.css' [5:37348] Error in @media rule. (Invalid token "and". Was expecting one of: <S>, <LBRACE>, <COMMA>.)
May 09, 2016 12:45:31 PM com.gargoylesoftware.htmlunit.DefaultCssErrorHandler warning
WARNING: CSS warning: 'https://maxcdn.bootstrapcdn.com/bootstrap/3.3.6/css/bootstrap.min.css' [5:37348] Ignoring the whole rule.
May 09, 2016 12:45:31 PM com.gargoylesoftware.htmlunit.DefaultCssErrorHandler error
WARNING: CSS error: 'https://maxcdn.bootstrapcdn.com/bootstrap/3.3.6/css/bootstrap.min.css' [5:43596] Error in media list. (Invalid token "(". Was expecting one of: <S>, <IDENT>.)
May 09, 2016 12:45:31 PM com.gargoylesoftware.htmlunit.DefaultCssErrorHandler error
WARNING: CSS error: 'https://maxcdn.bootstrapcdn.com/bootstrap/3.3.6/css/bootstrap.min.css' [5:44816] Error in media list. (Invalid token "(". Was expecting one of: <S>, <IDENT>.)
May 09, 2016 12:45:31 PM com.gargoylesoftware.htmlunit.DefaultCssErrorHandler error
WARNING: CSS error: 'https://maxcdn.bootstrapcdn.com/bootstrap/3.3.6/css/bootstrap.min.css' [5:44988] Error in media list. (Invalid token "(". Was expecting one of: <S>, <IDENT>.)
May 09, 2016 12:45:31 PM com.gargoylesoftware.htmlunit.DefaultCssErrorHandler error
WARNING: CSS error: 'https://maxcdn.bootstrapcdn.com/bootstrap/3.3.6/css/bootstrap.min.css' [5:45093] Error in media list. (Invalid token "(". Was expecting one of: <S>, <IDENT>.)
May 09, 2016 12:45:31 PM com.gargoylesoftware.htmlunit.DefaultCssErrorHandler error
WARNING: CSS error: 'https://maxcdn.bootstrapcdn.com/bootstrap/3.3.6/css/bootstrap.min.css' [5:56358] Error in expression; ':' found after identifier "progid".
May 09, 2016 12:45:31 PM com.gargoylesoftware.htmlunit.DefaultCssErrorHandler error
WARNING: CSS error: 'https://maxcdn.bootstrapcdn.com/bootstrap/3.3.6/css/bootstrap.min.css' [5:57020] Error in media list. (Invalid token "(". Was expecting one of: <S>, <IDENT>.)
May 09, 2016 12:45:31 PM com.gargoylesoftware.htmlunit.DefaultCssErrorHandler error
WARNING: CSS error: 'https://maxcdn.bootstrapcdn.com/bootstrap/3.3.6/css/bootstrap.min.css' [5:65783] Error in media list. (Invalid token "(". Was expecting one of: <S>, <IDENT>.)
May 09, 2016 12:45:31 PM com.gargoylesoftware.htmlunit.DefaultCssErrorHandler error
WARNING: CSS error: 'https://maxcdn.bootstrapcdn.com/bootstrap/3.3.6/css/bootstrap.min.css' [5:66107] Error in media list. (Invalid token "(". Was expecting one of: <S>, <IDENT>.)
May 09, 2016 12:45:31 PM com.gargoylesoftware.htmlunit.DefaultCssErrorHandler error
WARNING: CSS error: 'https://maxcdn.bootstrapcdn.com/bootstrap/3.3.6/css/bootstrap.min.css' [5:66810] Error in media list. (Invalid token "(". Was expecting one of: <S>, <IDENT>.)
May 09, 2016 12:45:31 PM com.gargoylesoftware.htmlunit.DefaultCssErrorHandler error
WARNING: CSS error: 'https://maxcdn.bootstrapcdn.com/bootstrap/3.3.6/css/bootstrap.min.css' [5:67136] Error in media list. (Invalid token "(". Was expecting one of: <S>, <IDENT>.)
May 09, 2016 12:45:31 PM com.gargoylesoftware.htmlunit.DefaultCssErrorHandler error
WARNING: CSS error: 'https://maxcdn.bootstrapcdn.com/bootstrap/3.3.6/css/bootstrap.min.css' [5:67622] Error in media list. (Invalid token "(". Was expecting one of: <S>, <IDENT>.)
May 09, 2016 12:45:31 PM com.gargoylesoftware.htmlunit.DefaultCssErrorHandler error
WARNING: CSS error: 'https://maxcdn.bootstrapcdn.com/bootstrap/3.3.6/css/bootstrap.min.css' [5:67674] Error in media list. (Invalid token "(". Was expecting one of: <S>, <IDENT>.)
May 09, 2016 12:45:31 PM com.gargoylesoftware.htmlunit.DefaultCssErrorHandler error
WARNING: CSS error: 'https://maxcdn.bootstrapcdn.com/bootstrap/3.3.6/css/bootstrap.min.css' [5:68001] Error in media list. (Invalid token "(". Was expecting one of: <S>, <IDENT>.)
May 09, 2016 12:45:31 PM com.gargoylesoftware.htmlunit.DefaultCssErrorHandler error
WARNING: CSS error: 'https://maxcdn.bootstrapcdn.com/bootstrap/3.3.6/css/bootstrap.min.css' [5:68493] Error in media list. (Invalid token "(". Was expecting one of: <S>, <IDENT>.)
May 09, 2016 12:45:31 PM com.gargoylesoftware.htmlunit.DefaultCssErrorHandler error
WARNING: CSS error: 'https://maxcdn.bootstrapcdn.com/bootstrap/3.3.6/css/bootstrap.min.css' [5:68801] Error in media list. (Invalid token "(". Was expecting one of: <S>, <IDENT>.)
May 09, 2016 12:45:31 PM com.gargoylesoftware.htmlunit.DefaultCssErrorHandler error
WARNING: CSS error: 'https://maxcdn.bootstrapcdn.com/bootstrap/3.3.6/css/bootstrap.min.css' [5:69029] Error in media list. (Invalid token "(". Was expecting one of: <S>, <IDENT>.)
May 09, 2016 12:45:31 PM com.gargoylesoftware.htmlunit.DefaultCssErrorHandler error
WARNING: CSS error: 'https://maxcdn.bootstrapcdn.com/bootstrap/3.3.6/css/bootstrap.min.css' [5:69172] Error in media list. (Invalid token "(". Was expecting one of: <S>, <IDENT>.)
May 09, 2016 12:45:31 PM com.gargoylesoftware.htmlunit.DefaultCssErrorHandler error
WARNING: CSS error: 'https://maxcdn.bootstrapcdn.com/bootstrap/3.3.6/css/bootstrap.min.css' [5:69545] Error in media list. (Invalid token "(". Was expecting one of: <S>, <IDENT>.)
May 09, 2016 12:45:31 PM com.gargoylesoftware.htmlunit.DefaultCssErrorHandler error
WARNING: CSS error: 'https://maxcdn.bootstrapcdn.com/bootstrap/3.3.6/css/bootstrap.min.css' [5:70032] Error in media list. (Invalid token "(". Was expecting one of: <S>, <IDENT>.)
May 09, 2016 12:45:31 PM com.gargoylesoftware.htmlunit.DefaultCssErrorHandler error
WARNING: CSS error: 'https://maxcdn.bootstrapcdn.com/bootstrap/3.3.6/css/bootstrap.min.css' [5:70188] Error in media list. (Invalid token "(". Was expecting one of: <S>, <IDENT>.)
May 09, 2016 12:45:31 PM com.gargoylesoftware.htmlunit.DefaultCssErrorHandler error
WARNING: CSS error: 'https://maxcdn.bootstrapcdn.com/bootstrap/3.3.6/css/bootstrap.min.css' [5:70655] Error in media list. (Invalid token "(". Was expecting one of: <S>, <IDENT>.)
May 09, 2016 12:45:31 PM com.gargoylesoftware.htmlunit.DefaultCssErrorHandler error
WARNING: CSS error: 'https://maxcdn.bootstrapcdn.com/bootstrap/3.3.6/css/bootstrap.min.css' [5:71121] Error in media list. (Invalid token "(". Was expecting one of: <S>, <IDENT>.)
May 09, 2016 12:45:31 PM com.gargoylesoftware.htmlunit.DefaultCssErrorHandler error
WARNING: CSS error: 'https://maxcdn.bootstrapcdn.com/bootstrap/3.3.6/css/bootstrap.min.css' [5:72047] Error in media list. (Invalid token "(". Was expecting one of: <S>, <IDENT>.)
May 09, 2016 12:45:31 PM com.gargoylesoftware.htmlunit.DefaultCssErrorHandler error
WARNING: CSS error: 'https://maxcdn.bootstrapcdn.com/bootstrap/3.3.6/css/bootstrap.min.css' [5:72168] Error in media list. (Invalid token "(". Was expecting one of: <S>, <IDENT>.)
May 09, 2016 12:45:31 PM com.gargoylesoftware.htmlunit.DefaultCssErrorHandler error
WARNING: CSS error: 'https://maxcdn.bootstrapcdn.com/bootstrap/3.3.6/css/bootstrap.min.css' [5:72801] Error in media list. (Invalid token "(". Was expecting one of: <S>, <IDENT>.)
May 09, 2016 12:45:31 PM com.gargoylesoftware.htmlunit.DefaultCssErrorHandler error
WARNING: CSS error: 'https://maxcdn.bootstrapcdn.com/bootstrap/3.3.6/css/bootstrap.min.css' [5:72886] Error in media list. (Invalid token "(". Was expecting one of: <S>, <IDENT>.)
May 09, 2016 12:45:31 PM com.gargoylesoftware.htmlunit.DefaultCssErrorHandler error
WARNING: CSS error: 'https://maxcdn.bootstrapcdn.com/bootstrap/3.3.6/css/bootstrap.min.css' [5:74245] Error in media list. (Invalid token "(". Was expecting one of: <S>, <IDENT>.)
May 09, 2016 12:45:31 PM com.gargoylesoftware.htmlunit.DefaultCssErrorHandler error
WARNING: CSS error: 'https://maxcdn.bootstrapcdn.com/bootstrap/3.3.6/css/bootstrap.min.css' [5:76555] Error in media list. (Invalid token "(". Was expecting one of: <S>, <IDENT>.)
May 09, 2016 12:45:31 PM com.gargoylesoftware.htmlunit.DefaultCssErrorHandler error
WARNING: CSS error: 'https://maxcdn.bootstrapcdn.com/bootstrap/3.3.6/css/bootstrap.min.css' [5:82579] Error in @media rule. (Invalid token "and". Was expecting one of: <S>, <LBRACE>, <COMMA>.)
May 09, 2016 12:45:31 PM com.gargoylesoftware.htmlunit.DefaultCssErrorHandler warning
WARNING: CSS warning: 'https://maxcdn.bootstrapcdn.com/bootstrap/3.3.6/css/bootstrap.min.css' [5:82579] Ignoring the whole rule.
May 09, 2016 12:45:31 PM com.gargoylesoftware.htmlunit.DefaultCssErrorHandler error
WARNING: CSS error: 'https://maxcdn.bootstrapcdn.com/bootstrap/3.3.6/css/bootstrap.min.css' [5:107662] Error in media list. (Invalid token "(". Was expecting one of: <S>, <IDENT>.)
May 09, 2016 12:45:31 PM com.gargoylesoftware.htmlunit.DefaultCssErrorHandler error
WARNING: CSS error: 'https://maxcdn.bootstrapcdn.com/bootstrap/3.3.6/css/bootstrap.min.css' [5:107850] Error in media list. (Invalid token "(". Was expecting one of: <S>, <IDENT>.)
May 09, 2016 12:45:31 PM com.gargoylesoftware.htmlunit.DefaultCssErrorHandler error
WARNING: CSS error: 'https://maxcdn.bootstrapcdn.com/bootstrap/3.3.6/css/bootstrap.min.css' [5:112144] Error in @media rule. (Invalid token "and". Was expecting one of: <S>, <LBRACE>, <COMMA>.)
May 09, 2016 12:45:31 PM com.gargoylesoftware.htmlunit.DefaultCssErrorHandler warning
WARNING: CSS warning: 'https://maxcdn.bootstrapcdn.com/bootstrap/3.3.6/css/bootstrap.min.css' [5:112144] Ignoring the whole rule.
May 09, 2016 12:45:31 PM com.gargoylesoftware.htmlunit.DefaultCssErrorHandler error
WARNING: CSS error: 'https://maxcdn.bootstrapcdn.com/bootstrap/3.3.6/css/bootstrap.min.css' [5:113907] Error in expression; ':' found after identifier "progid".
May 09, 2016 12:45:31 PM com.gargoylesoftware.htmlunit.DefaultCssErrorHandler error
WARNING: CSS error: 'https://maxcdn.bootstrapcdn.com/bootstrap/3.3.6/css/bootstrap.min.css' [5:114450] Error in expression; ':' found after identifier "progid".
May 09, 2016 12:45:31 PM com.gargoylesoftware.htmlunit.DefaultCssErrorHandler error
WARNING: CSS error: 'https://maxcdn.bootstrapcdn.com/bootstrap/3.3.6/css/bootstrap.min.css' [5:115618] Invalid color "#000\9".
May 09, 2016 12:45:31 PM com.gargoylesoftware.htmlunit.DefaultCssErrorHandler error
WARNING: CSS error: 'https://maxcdn.bootstrapcdn.com/bootstrap/3.3.6/css/bootstrap.min.css' [5:116015] Error in @media rule. (Invalid token "and". Was expecting one of: <S>, <LBRACE>, <COMMA>.)
May 09, 2016 12:45:31 PM com.gargoylesoftware.htmlunit.DefaultCssErrorHandler warning
WARNING: CSS warning: 'https://maxcdn.bootstrapcdn.com/bootstrap/3.3.6/css/bootstrap.min.css' [5:116015] Ignoring the whole rule.
May 09, 2016 12:45:31 PM com.gargoylesoftware.htmlunit.DefaultCssErrorHandler error
WARNING: CSS error: 'https://maxcdn.bootstrapcdn.com/bootstrap/3.3.6/css/bootstrap.min.css' [5:118272] Error in media list. (Invalid token "(". Was expecting one of: <S>, <IDENT>.)
May 09, 2016 12:45:31 PM com.gargoylesoftware.htmlunit.DefaultCssErrorHandler error
WARNING: CSS error: 'https://maxcdn.bootstrapcdn.com/bootstrap/3.3.6/css/bootstrap.min.css' [5:118474] Error in media list. (Invalid token "(". Was expecting one of: <S>, <IDENT>.)
May 09, 2016 12:45:31 PM com.gargoylesoftware.htmlunit.DefaultCssErrorHandler error
WARNING: CSS error: 'https://maxcdn.bootstrapcdn.com/bootstrap/3.3.6/css/bootstrap.min.css' [5:118542] Error in media list. (Invalid token "(". Was expecting one of: <S>, <IDENT>.)
May 09, 2016 12:45:31 PM com.gargoylesoftware.htmlunit.DefaultCssErrorHandler error
WARNING: CSS error: 'https://maxcdn.bootstrapcdn.com/bootstrap/3.3.6/css/bootstrap.min.css' [5:118612] Error in media list. (Invalid token "(". Was expecting one of: <S>, <IDENT>.)
May 09, 2016 12:45:31 PM com.gargoylesoftware.htmlunit.DefaultCssErrorHandler error
WARNING: CSS error: 'https://maxcdn.bootstrapcdn.com/bootstrap/3.3.6/css/bootstrap.min.css' [5:118694] Error in media list. (Invalid token "(". Was expecting one of: <S>, <IDENT>.)
May 09, 2016 12:45:31 PM com.gargoylesoftware.htmlunit.DefaultCssErrorHandler error
WARNING: CSS error: 'https://maxcdn.bootstrapcdn.com/bootstrap/3.3.6/css/bootstrap.min.css' [5:118918] Error in media list. (Invalid token "(". Was expecting one of: <S>, <IDENT>.)
May 09, 2016 12:45:31 PM com.gargoylesoftware.htmlunit.DefaultCssErrorHandler error
WARNING: CSS error: 'https://maxcdn.bootstrapcdn.com/bootstrap/3.3.6/css/bootstrap.min.css' [5:119008] Error in media list. (Invalid token "(". Was expecting one of: <S>, <IDENT>.)
May 09, 2016 12:45:31 PM com.gargoylesoftware.htmlunit.DefaultCssErrorHandler error
WARNING: CSS error: 'https://maxcdn.bootstrapcdn.com/bootstrap/3.3.6/css/bootstrap.min.css' [5:119100] Error in media list. (Invalid token "(". Was expecting one of: <S>, <IDENT>.)
May 09, 2016 12:45:31 PM com.gargoylesoftware.htmlunit.DefaultCssErrorHandler error
WARNING: CSS error: 'https://maxcdn.bootstrapcdn.com/bootstrap/3.3.6/css/bootstrap.min.css' [5:119204] Error in media list. (Invalid token "(". Was expecting one of: <S>, <IDENT>.)
May 09, 2016 12:45:31 PM com.gargoylesoftware.htmlunit.DefaultCssErrorHandler error
WARNING: CSS error: 'https://maxcdn.bootstrapcdn.com/bootstrap/3.3.6/css/bootstrap.min.css' [5:119429] Error in media list. (Invalid token "(". Was expecting one of: <S>, <IDENT>.)
May 09, 2016 12:45:31 PM com.gargoylesoftware.htmlunit.DefaultCssErrorHandler error
WARNING: CSS error: 'https://maxcdn.bootstrapcdn.com/bootstrap/3.3.6/css/bootstrap.min.css' [5:119520] Error in media list. (Invalid token "(". Was expecting one of: <S>, <IDENT>.)
May 09, 2016 12:45:31 PM com.gargoylesoftware.htmlunit.DefaultCssErrorHandler error
WARNING: CSS error: 'https://maxcdn.bootstrapcdn.com/bootstrap/3.3.6/css/bootstrap.min.css' [5:119613] Error in media list. (Invalid token "(". Was expecting one of: <S>, <IDENT>.)
May 09, 2016 12:45:31 PM com.gargoylesoftware.htmlunit.DefaultCssErrorHandler error
WARNING: CSS error: 'https://maxcdn.bootstrapcdn.com/bootstrap/3.3.6/css/bootstrap.min.css' [5:119718] Error in media list. (Invalid token "(". Was expecting one of: <S>, <IDENT>.)
May 09, 2016 12:45:31 PM com.gargoylesoftware.htmlunit.DefaultCssErrorHandler error
WARNING: CSS error: 'https://maxcdn.bootstrapcdn.com/bootstrap/3.3.6/css/bootstrap.min.css' [5:119921] Error in media list. (Invalid token "(". Was expecting one of: <S>, <IDENT>.)
May 09, 2016 12:45:31 PM com.gargoylesoftware.htmlunit.DefaultCssErrorHandler error
WARNING: CSS error: 'https://maxcdn.bootstrapcdn.com/bootstrap/3.3.6/css/bootstrap.min.css' [5:119990] Error in media list. (Invalid token "(". Was expecting one of: <S>, <IDENT>.)
May 09, 2016 12:45:31 PM com.gargoylesoftware.htmlunit.DefaultCssErrorHandler error
WARNING: CSS error: 'https://maxcdn.bootstrapcdn.com/bootstrap/3.3.6/css/bootstrap.min.css' [5:120061] Error in media list. (Invalid token "(". Was expecting one of: <S>, <IDENT>.)
May 09, 2016 12:45:31 PM com.gargoylesoftware.htmlunit.DefaultCssErrorHandler error
WARNING: CSS error: 'https://maxcdn.bootstrapcdn.com/bootstrap/3.3.6/css/bootstrap.min.css' [5:120144] Error in media list. (Invalid token "(". Was expecting one of: <S>, <IDENT>.)
May 09, 2016 12:45:31 PM com.gargoylesoftware.htmlunit.DefaultCssErrorHandler error
WARNING: CSS error: 'https://maxcdn.bootstrapcdn.com/bootstrap/3.3.6/css/bootstrap.min.css' [5:120204] Error in media list. (Invalid token "(". Was expecting one of: <S>, <IDENT>.)
May 09, 2016 12:45:31 PM com.gargoylesoftware.htmlunit.DefaultCssErrorHandler error
WARNING: CSS error: 'https://maxcdn.bootstrapcdn.com/bootstrap/3.3.6/css/bootstrap.min.css' [5:120286] Error in media list. (Invalid token "(". Was expecting one of: <S>, <IDENT>.)
May 09, 2016 12:45:31 PM com.gargoylesoftware.htmlunit.DefaultCssErrorHandler error
WARNING: CSS error: 'https://maxcdn.bootstrapcdn.com/bootstrap/3.3.6/css/bootstrap.min.css' [5:120369] Error in media list. (Invalid token "(". Was expecting one of: <S>, <IDENT>.)
May 09, 2016 12:45:31 PM com.gargoylesoftware.htmlunit.DefaultCssErrorHandler error
WARNING: CSS error: 'https://maxcdn.bootstrapcdn.com/bootstrap/3.3.6/css/bootstrap-theme.min.css' [5:1595] Error in expression; ':' found after identifier "progid".
May 09, 2016 12:45:31 PM com.gargoylesoftware.htmlunit.DefaultCssErrorHandler error
WARNING: CSS error: 'https://maxcdn.bootstrapcdn.com/bootstrap/3.3.6/css/bootstrap-theme.min.css' [5:1713] Error in expression; ':' found after identifier "progid".
May 09, 2016 12:45:31 PM com.gargoylesoftware.htmlunit.DefaultCssErrorHandler error
WARNING: CSS error: 'https://maxcdn.bootstrapcdn.com/bootstrap/3.3.6/css/bootstrap-theme.min.css' [5:2928] Error in expression; ':' found after identifier "progid".
May 09, 2016 12:45:31 PM com.gargoylesoftware.htmlunit.DefaultCssErrorHandler error
WARNING: CSS error: 'https://maxcdn.bootstrapcdn.com/bootstrap/3.3.6/css/bootstrap-theme.min.css' [5:3046] Error in expression; ':' found after identifier "progid".
May 09, 2016 12:45:31 PM com.gargoylesoftware.htmlunit.DefaultCssErrorHandler error
WARNING: CSS error: 'https://maxcdn.bootstrapcdn.com/bootstrap/3.3.6/css/bootstrap-theme.min.css' [5:4243] Error in expression; ':' found after identifier "progid".
May 09, 2016 12:45:31 PM com.gargoylesoftware.htmlunit.DefaultCssErrorHandler error
WARNING: CSS error: 'https://maxcdn.bootstrapcdn.com/bootstrap/3.3.6/css/bootstrap-theme.min.css' [5:4361] Error in expression; ':' found after identifier "progid".
May 09, 2016 12:45:31 PM com.gargoylesoftware.htmlunit.DefaultCssErrorHandler error
WARNING: CSS error: 'https://maxcdn.bootstrapcdn.com/bootstrap/3.3.6/css/bootstrap-theme.min.css' [5:5555] Error in expression; ':' found after identifier "progid".
May 09, 2016 12:45:31 PM com.gargoylesoftware.htmlunit.DefaultCssErrorHandler error
WARNING: CSS error: 'https://maxcdn.bootstrapcdn.com/bootstrap/3.3.6/css/bootstrap-theme.min.css' [5:5673] Error in expression; ':' found after identifier "progid".
May 09, 2016 12:45:31 PM com.gargoylesoftware.htmlunit.DefaultCssErrorHandler error
WARNING: CSS error: 'https://maxcdn.bootstrapcdn.com/bootstrap/3.3.6/css/bootstrap-theme.min.css' [5:6804] Error in expression; ':' found after identifier "progid".
May 09, 2016 12:45:31 PM com.gargoylesoftware.htmlunit.DefaultCssErrorHandler error
WARNING: CSS error: 'https://maxcdn.bootstrapcdn.com/bootstrap/3.3.6/css/bootstrap-theme.min.css' [5:6922] Error in expression; ':' found after identifier "progid".
May 09, 2016 12:45:31 PM com.gargoylesoftware.htmlunit.DefaultCssErrorHandler error
WARNING: CSS error: 'https://maxcdn.bootstrapcdn.com/bootstrap/3.3.6/css/bootstrap-theme.min.css' [5:8118] Error in expression; ':' found after identifier "progid".
May 09, 2016 12:45:31 PM com.gargoylesoftware.htmlunit.DefaultCssErrorHandler error
WARNING: CSS error: 'https://maxcdn.bootstrapcdn.com/bootstrap/3.3.6/css/bootstrap-theme.min.css' [5:8236] Error in expression; ':' found after identifier "progid".
May 09, 2016 12:45:31 PM com.gargoylesoftware.htmlunit.DefaultCssErrorHandler error
WARNING: CSS error: 'https://maxcdn.bootstrapcdn.com/bootstrap/3.3.6/css/bootstrap-theme.min.css' [5:9585] Error in expression; ':' found after identifier "progid".
May 09, 2016 12:45:31 PM com.gargoylesoftware.htmlunit.DefaultCssErrorHandler error
WARNING: CSS error: 'https://maxcdn.bootstrapcdn.com/bootstrap/3.3.6/css/bootstrap-theme.min.css' [5:10131] Error in expression; ':' found after identifier "progid".
May 09, 2016 12:45:31 PM com.gargoylesoftware.htmlunit.DefaultCssErrorHandler error
WARNING: CSS error: 'https://maxcdn.bootstrapcdn.com/bootstrap/3.3.6/css/bootstrap-theme.min.css' [5:10569] Error in expression; ':' found after identifier "progid".
May 09, 2016 12:45:31 PM com.gargoylesoftware.htmlunit.DefaultCssErrorHandler error
WARNING: CSS error: 'https://maxcdn.bootstrapcdn.com/bootstrap/3.3.6/css/bootstrap-theme.min.css' [5:10687] Error in expression; ':' found after identifier "progid".
May 09, 2016 12:45:31 PM com.gargoylesoftware.htmlunit.DefaultCssErrorHandler error
WARNING: CSS error: 'https://maxcdn.bootstrapcdn.com/bootstrap/3.3.6/css/bootstrap-theme.min.css' [5:11316] Error in expression; ':' found after identifier "progid".
May 09, 2016 12:45:31 PM com.gargoylesoftware.htmlunit.DefaultCssErrorHandler error
WARNING: CSS error: 'https://maxcdn.bootstrapcdn.com/bootstrap/3.3.6/css/bootstrap-theme.min.css' [5:11923] Error in expression; ':' found after identifier "progid".
May 09, 2016 12:45:31 PM com.gargoylesoftware.htmlunit.DefaultCssErrorHandler error
WARNING: CSS error: 'https://maxcdn.bootstrapcdn.com/bootstrap/3.3.6/css/bootstrap-theme.min.css' [5:12041] Error in expression; ':' found after identifier "progid".
May 09, 2016 12:45:31 PM com.gargoylesoftware.htmlunit.DefaultCssErrorHandler error
WARNING: CSS error: 'https://maxcdn.bootstrapcdn.com/bootstrap/3.3.6/css/bootstrap-theme.min.css' [5:12514] Error in expression; ':' found after identifier "progid".
May 09, 2016 12:45:31 PM com.gargoylesoftware.htmlunit.DefaultCssErrorHandler error
WARNING: CSS error: 'https://maxcdn.bootstrapcdn.com/bootstrap/3.3.6/css/bootstrap-theme.min.css' [5:12921] Error in media list. (Invalid token "(". Was expecting one of: <S>, <IDENT>.)
May 09, 2016 12:45:31 PM com.gargoylesoftware.htmlunit.DefaultCssErrorHandler error
WARNING: CSS error: 'https://maxcdn.bootstrapcdn.com/bootstrap/3.3.6/css/bootstrap-theme.min.css' [5:14069] Error in expression; ':' found after identifier "progid".
May 09, 2016 12:45:31 PM com.gargoylesoftware.htmlunit.DefaultCssErrorHandler error
WARNING: CSS error: 'https://maxcdn.bootstrapcdn.com/bootstrap/3.3.6/css/bootstrap-theme.min.css' [5:14536] Error in expression; ':' found after identifier "progid".
May 09, 2016 12:45:31 PM com.gargoylesoftware.htmlunit.DefaultCssErrorHandler error
WARNING: CSS error: 'https://maxcdn.bootstrapcdn.com/bootstrap/3.3.6/css/bootstrap-theme.min.css' [5:15006] Error in expression; ':' found after identifier "progid".
May 09, 2016 12:45:31 PM com.gargoylesoftware.htmlunit.DefaultCssErrorHandler error
WARNING: CSS error: 'https://maxcdn.bootstrapcdn.com/bootstrap/3.3.6/css/bootstrap-theme.min.css' [5:15475] Error in expression; ':' found after identifier "progid".
May 09, 2016 12:45:31 PM com.gargoylesoftware.htmlunit.DefaultCssErrorHandler error
WARNING: CSS error: 'https://maxcdn.bootstrapcdn.com/bootstrap/3.3.6/css/bootstrap-theme.min.css' [5:15940] Error in expression; ':' found after identifier "progid".
May 09, 2016 12:45:31 PM com.gargoylesoftware.htmlunit.DefaultCssErrorHandler error
WARNING: CSS error: 'https://maxcdn.bootstrapcdn.com/bootstrap/3.3.6/css/bootstrap-theme.min.css' [5:16388] Error in expression; ':' found after identifier "progid".
May 09, 2016 12:45:31 PM com.gargoylesoftware.htmlunit.DefaultCssErrorHandler error
WARNING: CSS error: 'https://maxcdn.bootstrapcdn.com/bootstrap/3.3.6/css/bootstrap-theme.min.css' [5:16844] Error in expression; ':' found after identifier "progid".
May 09, 2016 12:45:31 PM com.gargoylesoftware.htmlunit.DefaultCssErrorHandler error
WARNING: CSS error: 'https://maxcdn.bootstrapcdn.com/bootstrap/3.3.6/css/bootstrap-theme.min.css' [5:17297] Error in expression; ':' found after identifier "progid".
May 09, 2016 12:45:31 PM com.gargoylesoftware.htmlunit.DefaultCssErrorHandler error
WARNING: CSS error: 'https://maxcdn.bootstrapcdn.com/bootstrap/3.3.6/css/bootstrap-theme.min.css' [5:17753] Error in expression; ':' found after identifier "progid".
May 09, 2016 12:45:31 PM com.gargoylesoftware.htmlunit.DefaultCssErrorHandler error
WARNING: CSS error: 'https://maxcdn.bootstrapcdn.com/bootstrap/3.3.6/css/bootstrap-theme.min.css' [5:18208] Error in expression; ':' found after identifier "progid".
May 09, 2016 12:45:31 PM com.gargoylesoftware.htmlunit.DefaultCssErrorHandler error
WARNING: CSS error: 'https://maxcdn.bootstrapcdn.com/bootstrap/3.3.6/css/bootstrap-theme.min.css' [5:19436] Error in expression; ':' found after identifier "progid".
May 09, 2016 12:45:31 PM com.gargoylesoftware.htmlunit.DefaultCssErrorHandler error
WARNING: CSS error: 'https://maxcdn.bootstrapcdn.com/bootstrap/3.3.6/css/bootstrap-theme.min.css' [5:20132] Error in expression; ':' found after identifier "progid".
May 09, 2016 12:45:31 PM com.gargoylesoftware.htmlunit.DefaultCssErrorHandler error
WARNING: CSS error: 'https://maxcdn.bootstrapcdn.com/bootstrap/3.3.6/css/bootstrap-theme.min.css' [5:20596] Error in expression; ':' found after identifier "progid".
May 09, 2016 12:45:31 PM com.gargoylesoftware.htmlunit.DefaultCssErrorHandler error
WARNING: CSS error: 'https://maxcdn.bootstrapcdn.com/bootstrap/3.3.6/css/bootstrap-theme.min.css' [5:21060] Error in expression; ':' found after identifier "progid".
May 09, 2016 12:45:31 PM com.gargoylesoftware.htmlunit.DefaultCssErrorHandler error
WARNING: CSS error: 'https://maxcdn.bootstrapcdn.com/bootstrap/3.3.6/css/bootstrap-theme.min.css' [5:21521] Error in expression; ':' found after identifier "progid".
May 09, 2016 12:45:31 PM com.gargoylesoftware.htmlunit.DefaultCssErrorHandler error
WARNING: CSS error: 'https://maxcdn.bootstrapcdn.com/bootstrap/3.3.6/css/bootstrap-theme.min.css' [5:21985] Error in expression; ':' found after identifier "progid".
May 09, 2016 12:45:31 PM com.gargoylesoftware.htmlunit.DefaultCssErrorHandler error
WARNING: CSS error: 'https://maxcdn.bootstrapcdn.com/bootstrap/3.3.6/css/bootstrap-theme.min.css' [5:22448] Error in expression; ':' found after identifier "progid".
May 09, 2016 12:45:31 PM com.gargoylesoftware.htmlunit.DefaultCssErrorHandler error
WARNING: CSS error: 'https://maxcdn.bootstrapcdn.com/bootstrap/3.3.6/css/bootstrap-theme.min.css' [5:22888] Error in expression; ':' found after identifier "progid".
May 09, 2016 12:45:31 PM com.gargoylesoftware.htmlunit.DefaultCssErrorHandler error
WARNING: CSS error: 'https://maxcdn.bootstrapcdn.com/bootstrap/3.3.6/css/bootstrap.min.css' [5:17610] Error in media list. (Invalid token "(". Was expecting one of: <S>, <IDENT>.)
May 09, 2016 12:45:31 PM com.gargoylesoftware.htmlunit.DefaultCssErrorHandler error
WARNING: CSS error: 'https://maxcdn.bootstrapcdn.com/bootstrap/3.3.6/css/bootstrap.min.css' [5:19377] Error in media list. (Invalid token "(". Was expecting one of: <S>, <IDENT>.)
May 09, 2016 12:45:31 PM com.gargoylesoftware.htmlunit.DefaultCssErrorHandler error
WARNING: CSS error: 'https://maxcdn.bootstrapcdn.com/bootstrap/3.3.6/css/bootstrap.min.css' [5:21622] Error in media list. (Invalid token "(". Was expecting one of: <S>, <IDENT>.)
May 09, 2016 12:45:31 PM com.gargoylesoftware.htmlunit.DefaultCssErrorHandler error
WARNING: CSS error: 'https://maxcdn.bootstrapcdn.com/bootstrap/3.3.6/css/bootstrap.min.css' [5:21671] Error in media list. (Invalid token "(". Was expecting one of: <S>, <IDENT>.)
May 09, 2016 12:45:31 PM com.gargoylesoftware.htmlunit.DefaultCssErrorHandler error
WARNING: CSS error: 'https://maxcdn.bootstrapcdn.com/bootstrap/3.3.6/css/bootstrap.min.css' [5:21720] Error in media list. (Invalid token "(". Was expecting one of: <S>, <IDENT>.)
May 09, 2016 12:45:31 PM com.gargoylesoftware.htmlunit.DefaultCssErrorHandler error
WARNING: CSS error: 'https://maxcdn.bootstrapcdn.com/bootstrap/3.3.6/css/bootstrap.min.css' [5:24204] Error in media list. (Invalid token "(". Was expecting one of: <S>, <IDENT>.)
May 09, 2016 12:45:31 PM com.gargoylesoftware.htmlunit.DefaultCssErrorHandler error
WARNING: CSS error: 'https://maxcdn.bootstrapcdn.com/bootstrap/3.3.6/css/bootstrap.min.css' [5:25970] Error in media list. (Invalid token "(". Was expecting one of: <S>, <IDENT>.)
May 09, 2016 12:45:31 PM com.gargoylesoftware.htmlunit.DefaultCssErrorHandler error
WARNING: CSS error: 'https://maxcdn.bootstrapcdn.com/bootstrap/3.3.6/css/bootstrap.min.css' [5:27736] Error in media list. (Invalid token "(". Was expecting one of: <S>, <IDENT>.)
May 09, 2016 12:45:31 PM com.gargoylesoftware.htmlunit.DefaultCssErrorHandler error
WARNING: CSS error: 'https://maxcdn.bootstrapcdn.com/bootstrap/3.3.6/css/bootstrap.min.css' [5:33862] Error in @media rule. (Invalid token "and". Was expecting one of: <S>, <LBRACE>, <COMMA>.)
May 09, 2016 12:45:31 PM com.gargoylesoftware.htmlunit.DefaultCssErrorHandler warning
WARNING: CSS warning: 'https://maxcdn.bootstrapcdn.com/bootstrap/3.3.6/css/bootstrap.min.css' [5:33862] Ignoring the whole rule.
May 09, 2016 12:45:31 PM com.gargoylesoftware.htmlunit.DefaultCssErrorHandler error
WARNING: CSS error: 'https://maxcdn.bootstrapcdn.com/bootstrap/3.3.6/css/bootstrap.min.css' [5:37348] Error in @media rule. (Invalid token "and". Was expecting one of: <S>, <LBRACE>, <COMMA>.)
May 09, 2016 12:45:31 PM com.gargoylesoftware.htmlunit.DefaultCssErrorHandler warning
WARNING: CSS warning: 'https://maxcdn.bootstrapcdn.com/bootstrap/3.3.6/css/bootstrap.min.css' [5:37348] Ignoring the whole rule.
May 09, 2016 12:45:31 PM com.gargoylesoftware.htmlunit.DefaultCssErrorHandler error
WARNING: CSS error: 'https://maxcdn.bootstrapcdn.com/bootstrap/3.3.6/css/bootstrap.min.css' [5:43596] Error in media list. (Invalid token "(". Was expecting one of: <S>, <IDENT>.)
May 09, 2016 12:45:31 PM com.gargoylesoftware.htmlunit.DefaultCssErrorHandler error
WARNING: CSS error: 'https://maxcdn.bootstrapcdn.com/bootstrap/3.3.6/css/bootstrap.min.css' [5:44816] Error in media list. (Invalid token "(". Was expecting one of: <S>, <IDENT>.)
May 09, 2016 12:45:31 PM com.gargoylesoftware.htmlunit.DefaultCssErrorHandler error
WARNING: CSS error: 'https://maxcdn.bootstrapcdn.com/bootstrap/3.3.6/css/bootstrap.min.css' [5:44988] Error in media list. (Invalid token "(". Was expecting one of: <S>, <IDENT>.)
May 09, 2016 12:45:31 PM com.gargoylesoftware.htmlunit.DefaultCssErrorHandler error
WARNING: CSS error: 'https://maxcdn.bootstrapcdn.com/bootstrap/3.3.6/css/bootstrap.min.css' [5:45093] Error in media list. (Invalid token "(". Was expecting one of: <S>, <IDENT>.)
May 09, 2016 12:45:31 PM com.gargoylesoftware.htmlunit.DefaultCssErrorHandler error
WARNING: CSS error: 'https://maxcdn.bootstrapcdn.com/bootstrap/3.3.6/css/bootstrap.min.css' [5:56358] Error in expression; ':' found after identifier "progid".
May 09, 2016 12:45:31 PM com.gargoylesoftware.htmlunit.DefaultCssErrorHandler error
WARNING: CSS error: 'https://maxcdn.bootstrapcdn.com/bootstrap/3.3.6/css/bootstrap.min.css' [5:57020] Error in media list. (Invalid token "(". Was expecting one of: <S>, <IDENT>.)
May 09, 2016 12:45:31 PM com.gargoylesoftware.htmlunit.DefaultCssErrorHandler error
WARNING: CSS error: 'https://maxcdn.bootstrapcdn.com/bootstrap/3.3.6/css/bootstrap.min.css' [5:65783] Error in media list. (Invalid token "(". Was expecting one of: <S>, <IDENT>.)
[...]
May 09, 2016 12:45:32 PM com.gargoylesoftware.htmlunit.DefaultCssErrorHandler error
WARNING: CSS error: 'https://maxcdn.bootstrapcdn.com/bootstrap/3.3.6/css/bootstrap.min.css' [5:71121] Error in media list. (Invalid token "(". Was expecting one of: <S>, <IDENT>.)
May 09, 2016 12:45:32 PM com.gargoylesoftware.htmlunit.DefaultCssErrorHandler error
WARNING: CSS error: 'https://maxcdn.bootstrapcdn.com/bootstrap/3.3.6/css/bootstrap.min.css' [5:72047] Error in media list. (Invalid token "(". Was expecting one of: <S>, <IDENT>.)
May 09, 2016 12:45:32 PM com.gargoylesoftware.htmlunit.DefaultCssErrorHandler error
WARNING: CSS error: 'https://maxcdn.bootstrapcdn.com/bootstrap/3.3.6/css/bootstrap.min.css' [5:72168] Error in media list. (Invalid token "(". Was expecting one of: <S>, <IDENT>.)
May 09, 2016 12:45:32 PM com.gargoylesoftware.htmlunit.DefaultCssErrorHandler error
WARNING: CSS error: 'https://maxcdn.bootstrapcdn.com/bootstrap/3.3.6/css/bootstrap.min.css' [5:72801] Error in media list. (Invalid token "(". Was expecting one of: <S>, <IDENT>.)
May 09, 2016 12:45:32 PM com.gargoylesoftware.htmlunit.DefaultCssErrorHandler error
WARNING: CSS error: 'https://maxcdn.bootstrapcdn.com/bootstrap/3.3.6/css/bootstrap.min.css' [5:72886] Error in media list. (Invalid token "(". Was expecting one of: <S>, <IDENT>.)
May 09, 2016 12:45:32 PM com.gargoylesoftware.htmlunit.DefaultCssErrorHandler error
WARNING: CSS error: 'https://maxcdn.bootstrapcdn.com/bootstrap/3.3.6/css/bootstrap.min.css' [5:74245] Error in media list. (Invalid token "(". Was expecting one of: <S>, <IDENT>.)
May 09, 2016 12:45:32 PM com.gargoylesoftware.htmlunit.DefaultCssErrorHandler error
WARNING: CSS error: 'https://maxcdn.bootstrapcdn.com/bootstrap/3.3.6/css/bootstrap.min.css' [5:76555] Error in media list. (Invalid token "(". Was expecting one of: <S>, <IDENT>.)
May 09, 2016 12:45:32 PM com.gargoylesoftware.htmlunit.DefaultCssErrorHandler error
WARNING: CSS error: 'https://maxcdn.bootstrapcdn.com/bootstrap/3.3.6/css/bootstrap.min.css' [5:82579] Error in @media rule. (Invalid token "and". Was expecting one of: <S>, <LBRACE>, <COMMA>.)
May 09, 2016 12:45:32 PM com.gargoylesoftware.htmlunit.DefaultCssErrorHandler warning
WARNING: CSS warning: 'https://maxcdn.bootstrapcdn.com/bootstrap/3.3.6/css/bootstrap.min.css' [5:82579] Ignoring the whole rule.
May 09, 2016 12:45:32 PM com.gargoylesoftware.htmlunit.DefaultCssErrorHandler error
WARNING: CSS error: 'https://maxcdn.bootstrapcdn.com/bootstrap/3.3.6/css/bootstrap.min.css' [5:107662] Error in media list. (Invalid token "(". Was expecting one of: <S>, <IDENT>.)
May 09, 2016 12:45:32 PM com.gargoylesoftware.htmlunit.DefaultCssErrorHandler error
WARNING: CSS error: 'https://maxcdn.bootstrapcdn.com/bootstrap/3.3.6/css/bootstrap.min.css' [5:107850] Error in media list. (Invalid token "(". Was expecting one of: <S>, <IDENT>.)
May 09, 2016 12:45:32 PM com.gargoylesoftware.htmlunit.DefaultCssErrorHandler error
WARNING: CSS error: 'https://maxcdn.bootstrapcdn.com/bootstrap/3.3.6/css/bootstrap.min.css' [5:112144] Error in @media rule. (Invalid token "and". Was expecting one of: <S>, <LBRACE>, <COMMA>.)
May 09, 2016 12:45:32 PM com.gargoylesoftware.htmlunit.DefaultCssErrorHandler warning
WARNING: CSS warning: 'https://maxcdn.bootstrapcdn.com/bootstrap/3.3.6/css/bootstrap.min.css' [5:112144] Ignoring the whole rule.
May 09, 2016 12:45:32 PM com.gargoylesoftware.htmlunit.DefaultCssErrorHandler error
WARNING: CSS error: 'https://maxcdn.bootstrapcdn.com/bootstrap/3.3.6/css/bootstrap.min.css' [5:113907] Error in expression; ':' found after identifier "progid".
May 09, 2016 12:45:32 PM com.gargoylesoftware.htmlunit.DefaultCssErrorHandler error
WARNING: CSS error: 'https://maxcdn.bootstrapcdn.com/bootstrap/3.3.6/css/bootstrap.min.css' [5:114450] Error in expression; ':' found after identifier "progid".
May 09, 2016 12:45:32 PM com.gargoylesoftware.htmlunit.DefaultCssErrorHandler error
WARNING: CSS error: 'https://maxcdn.bootstrapcdn.com/bootstrap/3.3.6/css/bootstrap.min.css' [5:115618] Invalid color "#000\9".
May 09, 2016 12:45:32 PM com.gargoylesoftware.htmlunit.DefaultCssErrorHandler error
WARNING: CSS error: 'https://maxcdn.bootstrapcdn.com/bootstrap/3.3.6/css/bootstrap.min.css' [5:116015] Error in @media rule. (Invalid token "and". Was expecting one of: <S>, <LBRACE>, <COMMA>.)
May 09, 2016 12:45:32 PM com.gargoylesoftware.htmlunit.DefaultCssErrorHandler warning
WARNING: CSS warning: 'https://maxcdn.bootstrapcdn.com/bootstrap/3.3.6/css/bootstrap.min.css' [5:116015] Ignoring the whole rule.
May 09, 2016 12:45:32 PM com.gargoylesoftware.htmlunit.DefaultCssErrorHandler error
WARNING: CSS error: 'https://maxcdn.bootstrapcdn.com/bootstrap/3.3.6/css/bootstrap.min.css' [5:118272] Error in media list. (Invalid token "(". Was expecting one of: <S>, <IDENT>.)
May 09, 2016 12:45:32 PM com.gargoylesoftware.htmlunit.DefaultCssErrorHandler error
WARNING: CSS error: 'https://maxcdn.bootstrapcdn.com/bootstrap/3.3.6/css/bootstrap.min.css' [5:118474] Error in media list. (Invalid token "(". Was expecting one of: <S>, <IDENT>.)
May 09, 2016 12:45:32 PM com.gargoylesoftware.htmlunit.DefaultCssErrorHandler error
WARNING: CSS error: 'https://maxcdn.bootstrapcdn.com/bootstrap/3.3.6/css/bootstrap.min.css' [5:118542] Error in media list. (Invalid token "(". Was expecting one of: <S>, <IDENT>.)
May 09, 2016 12:45:32 PM com.gargoylesoftware.htmlunit.DefaultCssErrorHandler error
WARNING: CSS error: 'https://maxcdn.bootstrapcdn.com/bootstrap/3.3.6/css/bootstrap.min.css' [5:118612] Error in media list. (Invalid token "(". Was expecting one of: <S>, <IDENT>.)
May 09, 2016 12:45:32 PM com.gargoylesoftware.htmlunit.DefaultCssErrorHandler error
WARNING: CSS error: 'https://maxcdn.bootstrapcdn.com/bootstrap/3.3.6/css/bootstrap.min.css' [5:118694] Error in media list. (Invalid token "(". Was expecting one of: <S>, <IDENT>.)
May 09, 2016 12:45:32 PM com.gargoylesoftware.htmlunit.DefaultCssErrorHandler error
WARNING: CSS error: 'https://maxcdn.bootstrapcdn.com/bootstrap/3.3.6/css/bootstrap.min.css' [5:118918] Error in media list. (Invalid token "(". Was expecting one of: <S>, <IDENT>.)
May 09, 2016 12:45:32 PM com.gargoylesoftware.htmlunit.DefaultCssErrorHandler error
WARNING: CSS error: 'https://maxcdn.bootstrapcdn.com/bootstrap/3.3.6/css/bootstrap.min.css' [5:119008] Error in media list. (Invalid token "(". Was expecting one of: <S>, <IDENT>.)
May 09, 2016 12:45:32 PM com.gargoylesoftware.htmlunit.DefaultCssErrorHandler error
WARNING: CSS error: 'https://maxcdn.bootstrapcdn.com/bootstrap/3.3.6/css/bootstrap.min.css' [5:119100] Error in media list. (Invalid token "(". Was expecting one of: <S>, <IDENT>.)
May 09, 2016 12:45:32 PM com.gargoylesoftware.htmlunit.DefaultCssErrorHandler error
WARNING: CSS error: 'https://maxcdn.bootstrapcdn.com/bootstrap/3.3.6/css/bootstrap.min.css' [5:119204] Error in media list. (Invalid token "(". Was expecting one of: <S>, <IDENT>.)
May 09, 2016 12:45:32 PM com.gargoylesoftware.htmlunit.DefaultCssErrorHandler error
WARNING: CSS error: 'https://maxcdn.bootstrapcdn.com/bootstrap/3.3.6/css/bootstrap.min.css' [5:119429] Error in media list. (Invalid token "(". Was expecting one of: <S>, <IDENT>.)
May 09, 2016 12:45:32 PM com.gargoylesoftware.htmlunit.DefaultCssErrorHandler error
WARNING: CSS error: 'https://maxcdn.bootstrapcdn.com/bootstrap/3.3.6/css/bootstrap.min.css' [5:119520] Error in media list. (Invalid token "(". Was expecting one of: <S>, <IDENT>.)
May 09, 2016 12:45:32 PM com.gargoylesoftware.htmlunit.DefaultCssErrorHandler error
WARNING: CSS error: 'https://maxcdn.bootstrapcdn.com/bootstrap/3.3.6/css/bootstrap.min.css' [5:119613] Error in media list. (Invalid token "(". Was expecting one of: <S>, <IDENT>.)
May 09, 2016 12:45:32 PM com.gargoylesoftware.htmlunit.DefaultCssErrorHandler error
WARNING: CSS error: 'https://maxcdn.bootstrapcdn.com/bootstrap/3.3.6/css/bootstrap.min.css' [5:119718] Error in media list. (Invalid token "(". Was expecting one of: <S>, <IDENT>.)
May 09, 2016 12:45:32 PM com.gargoylesoftware.htmlunit.DefaultCssErrorHandler error
WARNING: CSS error: 'https://maxcdn.bootstrapcdn.com/bootstrap/3.3.6/css/bootstrap.min.css' [5:119921] Error in media list. (Invalid token "(". Was expecting one of: <S>, <IDENT>.)
May 09, 2016 12:45:32 PM com.gargoylesoftware.htmlunit.DefaultCssErrorHandler error
WARNING: CSS error: 'https://maxcdn.bootstrapcdn.com/bootstrap/3.3.6/css/bootstrap.min.css' [5:119990] Error in media list. (Invalid token "(". Was expecting one of: <S>, <IDENT>.)
May 09, 2016 12:45:32 PM com.gargoylesoftware.htmlunit.DefaultCssErrorHandler error
WARNING: CSS error: 'https://maxcdn.bootstrapcdn.com/bootstrap/3.3.6/css/bootstrap.min.css' [5:120061] Error in media list. (Invalid token "(". Was expecting one of: <S>, <IDENT>.)
May 09, 2016 12:45:32 PM com.gargoylesoftware.htmlunit.DefaultCssErrorHandler error
WARNING: CSS error: 'https://maxcdn.bootstrapcdn.com/bootstrap/3.3.6/css/bootstrap.min.css' [5:120144] Error in media list. (Invalid token "(". Was expecting one of: <S>, <IDENT>.)
May 09, 2016 12:45:32 PM com.gargoylesoftware.htmlunit.DefaultCssErrorHandler error
WARNING: CSS error: 'https://maxcdn.bootstrapcdn.com/bootstrap/3.3.6/css/bootstrap.min.css' [5:120204] Error in media list. (Invalid token "(". Was expecting one of: <S>, <IDENT>.)
May 09, 2016 12:45:32 PM com.gargoylesoftware.htmlunit.DefaultCssErrorHandler error
WARNING: CSS error: 'https://maxcdn.bootstrapcdn.com/bootstrap/3.3.6/css/bootstrap.min.css' [5:120286] Error in media list. (Invalid token "(". Was expecting one of: <S>, <IDENT>.)
May 09, 2016 12:45:32 PM com.gargoylesoftware.htmlunit.DefaultCssErrorHandler error
WARNING: CSS error: 'https://maxcdn.bootstrapcdn.com/bootstrap/3.3.6/css/bootstrap.min.css' [5:120369] Error in media list. (Invalid token "(". Was expecting one of: <S>, <IDENT>.)
May 09, 2016 12:45:32 PM com.gargoylesoftware.htmlunit.DefaultCssErrorHandler error
WARNING: CSS error: 'https://maxcdn.bootstrapcdn.com/bootstrap/3.3.6/css/bootstrap-theme.min.css' [5:1595] Error in expression; ':' found after identifier "progid".
May 09, 2016 12:45:32 PM com.gargoylesoftware.htmlunit.DefaultCssErrorHandler error
WARNING: CSS error: 'https://maxcdn.bootstrapcdn.com/bootstrap/3.3.6/css/bootstrap-theme.min.css' [5:1713] Error in expression; ':' found after identifier "progid".
May 09, 2016 12:45:32 PM com.gargoylesoftware.htmlunit.DefaultCssErrorHandler error
WARNING: CSS error: 'https://maxcdn.bootstrapcdn.com/bootstrap/3.3.6/css/bootstrap-theme.min.css' [5:2928] Error in expression; ':' found after identifier "progid".
May 09, 2016 12:45:32 PM com.gargoylesoftware.htmlunit.DefaultCssErrorHandler error
WARNING: CSS error: 'https://maxcdn.bootstrapcdn.com/bootstrap/3.3.6/css/bootstrap-theme.min.css' [5:3046] Error in expression; ':' found after identifier "progid".
May 09, 2016 12:45:32 PM com.gargoylesoftware.htmlunit.DefaultCssErrorHandler error
WARNING: CSS error: 'https://maxcdn.bootstrapcdn.com/bootstrap/3.3.6/css/bootstrap-theme.min.css' [5:4243] Error in expression; ':' found after identifier "progid".
May 09, 2016 12:45:32 PM com.gargoylesoftware.htmlunit.DefaultCssErrorHandler error
WARNING: CSS error: 'https://maxcdn.bootstrapcdn.com/bootstrap/3.3.6/css/bootstrap-theme.min.css' [5:4361] Error in expression; ':' found after identifier "progid".
May 09, 2016 12:45:32 PM com.gargoylesoftware.htmlunit.DefaultCssErrorHandler error
WARNING: CSS error: 'https://maxcdn.bootstrapcdn.com/bootstrap/3.3.6/css/bootstrap-theme.min.css' [5:5555] Error in expression; ':' found after identifier "progid".
May 09, 2016 12:45:32 PM com.gargoylesoftware.htmlunit.DefaultCssErrorHandler error
WARNING: CSS error: 'https://maxcdn.bootstrapcdn.com/bootstrap/3.3.6/css/bootstrap-theme.min.css' [5:5673] Error in expression; ':' found after identifier "progid".
May 09, 2016 12:45:32 PM com.gargoylesoftware.htmlunit.DefaultCssErrorHandler error
WARNING: CSS error: 'https://maxcdn.bootstrapcdn.com/bootstrap/3.3.6/css/bootstrap-theme.min.css' [5:6804] Error in expression; ':' found after identifier "progid".
May 09, 2016 12:45:32 PM com.gargoylesoftware.htmlunit.DefaultCssErrorHandler error
WARNING: CSS error: 'https://maxcdn.bootstrapcdn.com/bootstrap/3.3.6/css/bootstrap-theme.min.css' [5:6922] Error in expression; ':' found after identifier "progid".
May 09, 2016 12:45:32 PM com.gargoylesoftware.htmlunit.DefaultCssErrorHandler error
WARNING: CSS error: 'https://maxcdn.bootstrapcdn.com/bootstrap/3.3.6/css/bootstrap-theme.min.css' [5:8118] Error in expression; ':' found after identifier "progid".
May 09, 2016 12:45:32 PM com.gargoylesoftware.htmlunit.DefaultCssErrorHandler error
WARNING: CSS error: 'https://maxcdn.bootstrapcdn.com/bootstrap/3.3.6/css/bootstrap-theme.min.css' [5:8236] Error in expression; ':' found after identifier "progid".
May 09, 2016 12:45:32 PM com.gargoylesoftware.htmlunit.DefaultCssErrorHandler error
WARNING: CSS error: 'https://maxcdn.bootstrapcdn.com/bootstrap/3.3.6/css/bootstrap-theme.min.css' [5:9585] Error in expression; ':' found after identifier "progid".
May 09, 2016 12:45:32 PM com.gargoylesoftware.htmlunit.DefaultCssErrorHandler error
WARNING: CSS error: 'https://maxcdn.bootstrapcdn.com/bootstrap/3.3.6/css/bootstrap-theme.min.css' [5:10131] Error in expression; ':' found after identifier "progid".
May 09, 2016 12:45:32 PM com.gargoylesoftware.htmlunit.DefaultCssErrorHandler error
WARNING: CSS error: 'https://maxcdn.bootstrapcdn.com/bootstrap/3.3.6/css/bootstrap-theme.min.css' [5:10569] Error in expression; ':' found after identifier "progid".
May 09, 2016 12:45:32 PM com.gargoylesoftware.htmlunit.DefaultCssErrorHandler error
WARNING: CSS error: 'https://maxcdn.bootstrapcdn.com/bootstrap/3.3.6/css/bootstrap-theme.min.css' [5:10687] Error in expression; ':' found after identifier "progid".
May 09, 2016 12:45:32 PM com.gargoylesoftware.htmlunit.DefaultCssErrorHandler error
WARNING: CSS error: 'https://maxcdn.bootstrapcdn.com/bootstrap/3.3.6/css/bootstrap-theme.min.css' [5:11316] Error in expression; ':' found after identifier "progid".
May 09, 2016 12:45:32 PM com.gargoylesoftware.htmlunit.DefaultCssErrorHandler error
WARNING: CSS error: 'https://maxcdn.bootstrapcdn.com/bootstrap/3.3.6/css/bootstrap-theme.min.css' [5:11923] Error in expression; ':' found after identifier "progid".
May 09, 2016 12:45:32 PM com.gargoylesoftware.htmlunit.DefaultCssErrorHandler error
WARNING: CSS error: 'https://maxcdn.bootstrapcdn.com/bootstrap/3.3.6/css/bootstrap-theme.min.css' [5:12041] Error in expression; ':' found after identifier "progid".
May 09, 2016 12:45:32 PM com.gargoylesoftware.htmlunit.DefaultCssErrorHandler error
WARNING: CSS error: 'https://maxcdn.bootstrapcdn.com/bootstrap/3.3.6/css/bootstrap-theme.min.css' [5:12514] Error in expression; ':' found after identifier "progid".
May 09, 2016 12:45:32 PM com.gargoylesoftware.htmlunit.DefaultCssErrorHandler error
WARNING: CSS error: 'https://maxcdn.bootstrapcdn.com/bootstrap/3.3.6/css/bootstrap-theme.min.css' [5:12921] Error in media list. (Invalid token "(". Was expecting one of: <S>, <IDENT>.)
May 09, 2016 12:45:32 PM com.gargoylesoftware.htmlunit.DefaultCssErrorHandler error
WARNING: CSS error: 'https://maxcdn.bootstrapcdn.com/bootstrap/3.3.6/css/bootstrap-theme.min.css' [5:14069] Error in expression; ':' found after identifier "progid".
May 09, 2016 12:45:32 PM com.gargoylesoftware.htmlunit.DefaultCssErrorHandler error
WARNING: CSS error: 'https://maxcdn.bootstrapcdn.com/bootstrap/3.3.6/css/bootstrap-theme.min.css' [5:14536] Error in expression; ':' found after identifier "progid".
May 09, 2016 12:45:32 PM com.gargoylesoftware.htmlunit.DefaultCssErrorHandler error
WARNING: CSS error: 'https://maxcdn.bootstrapcdn.com/bootstrap/3.3.6/css/bootstrap-theme.min.css' [5:15006] Error in expression; ':' found after identifier "progid".
May 09, 2016 12:45:32 PM com.gargoylesoftware.htmlunit.DefaultCssErrorHandler error
WARNING: CSS error: 'https://maxcdn.bootstrapcdn.com/bootstrap/3.3.6/css/bootstrap-theme.min.css' [5:15475] Error in expression; ':' found after identifier "progid".
May 09, 2016 12:45:32 PM com.gargoylesoftware.htmlunit.DefaultCssErrorHandler error
WARNING: CSS error: 'https://maxcdn.bootstrapcdn.com/bootstrap/3.3.6/css/bootstrap-theme.min.css' [5:15940] Error in expression; ':' found after identifier "progid".
May 09, 2016 12:45:32 PM com.gargoylesoftware.htmlunit.DefaultCssErrorHandler error
WARNING: CSS error: 'https://maxcdn.bootstrapcdn.com/bootstrap/3.3.6/css/bootstrap-theme.min.css' [5:16388] Error in expression; ':' found after identifier "progid".
May 09, 2016 12:45:32 PM com.gargoylesoftware.htmlunit.DefaultCssErrorHandler error
WARNING: CSS error: 'https://maxcdn.bootstrapcdn.com/bootstrap/3.3.6/css/bootstrap-theme.min.css' [5:16844] Error in expression; ':' found after identifier "progid".
May 09, 2016 12:45:32 PM com.gargoylesoftware.htmlunit.DefaultCssErrorHandler error
WARNING: CSS error: 'https://maxcdn.bootstrapcdn.com/bootstrap/3.3.6/css/bootstrap-theme.min.css' [5:17297] Error in expression; ':' found after identifier "progid".
May 09, 2016 12:45:32 PM com.gargoylesoftware.htmlunit.DefaultCssErrorHandler error
WARNING: CSS error: 'https://maxcdn.bootstrapcdn.com/bootstrap/3.3.6/css/bootstrap-theme.min.css' [5:17753] Error in expression; ':' found after identifier "progid".
May 09, 2016 12:45:32 PM com.gargoylesoftware.htmlunit.DefaultCssErrorHandler error
WARNING: CSS error: 'https://maxcdn.bootstrapcdn.com/bootstrap/3.3.6/css/bootstrap-theme.min.css' [5:18208] Error in expression; ':' found after identifier "progid".
May 09, 2016 12:45:32 PM com.gargoylesoftware.htmlunit.DefaultCssErrorHandler error
WARNING: CSS error: 'https://maxcdn.bootstrapcdn.com/bootstrap/3.3.6/css/bootstrap-theme.min.css' [5:19436] Error in expression; ':' found after identifier "progid".
May 09, 2016 12:45:32 PM com.gargoylesoftware.htmlunit.DefaultCssErrorHandler error
WARNING: CSS error: 'https://maxcdn.bootstrapcdn.com/bootstrap/3.3.6/css/bootstrap-theme.min.css' [5:20132] Error in expression; ':' found after identifier "progid".
May 09, 2016 12:45:32 PM com.gargoylesoftware.htmlunit.DefaultCssErrorHandler error
WARNING: CSS error: 'https://maxcdn.bootstrapcdn.com/bootstrap/3.3.6/css/bootstrap-theme.min.css' [5:20596] Error in expression; ':' found after identifier "progid".
May 09, 2016 12:45:32 PM com.gargoylesoftware.htmlunit.DefaultCssErrorHandler error
WARNING: CSS error: 'https://maxcdn.bootstrapcdn.com/bootstrap/3.3.6/css/bootstrap-theme.min.css' [5:21060] Error in expression; ':' found after identifier "progid".
May 09, 2016 12:45:32 PM com.gargoylesoftware.htmlunit.DefaultCssErrorHandler error
WARNING: CSS error: 'https://maxcdn.bootstrapcdn.com/bootstrap/3.3.6/css/bootstrap-theme.min.css' [5:21521] Error in expression; ':' found after identifier "progid".
May 09, 2016 12:45:32 PM com.gargoylesoftware.htmlunit.DefaultCssErrorHandler error
WARNING: CSS error: 'https://maxcdn.bootstrapcdn.com/bootstrap/3.3.6/css/bootstrap-theme.min.css' [5:21985] Error in expression; ':' found after identifier "progid".
May 09, 2016 12:45:32 PM com.gargoylesoftware.htmlunit.DefaultCssErrorHandler error
WARNING: CSS error: 'https://maxcdn.bootstrapcdn.com/bootstrap/3.3.6/css/bootstrap-theme.min.css' [5:22448] Error in expression; ':' found after identifier "progid".
May 09, 2016 12:45:32 PM com.gargoylesoftware.htmlunit.DefaultCssErrorHandler error
WARNING: CSS error: 'https://maxcdn.bootstrapcdn.com/bootstrap/3.3.6/css/bootstrap-theme.min.css' [5:22888] Error in expression; ':' found after identifier "progid".
[Test worker] INFO spark.webserver.JettySparkServer - >>> Spark shutting down ...
[Test worker] INFO org.eclipse.jetty.server.ServerConnector - Stopped ServerConnector@4e097379{HTTP/1.1,[http/1.1]}{0.0.0.0:4567}
[Test worker] INFO spark.webserver.JettySparkServer - done
]]></system-err>
</testsuite>
